[0.674s] Invoking command in '/home/root2/turtlebot3_ws/src/turtlebot3/turtlebot3_teleop': PYTHONPATH=/home/root2/turtlebot3_ws/build/turtlebot3_teleop/prefix_override:/usr/lib/python3/dist-packages/colcon_core/task/python/colcon_distutils_commands:/home/root2/turtlebot3_ws/install/turtlebot3_teleop/lib/python3.10/site-packages:${PYTHONPATH} /usr/bin/python3 -W ignore:setup.py install is deprecated -W ignore:easy_install command is deprecated setup.py egg_info --egg-base ../../../build/turtlebot3_teleop build --build-base /home/root2/turtlebot3_ws/build/turtlebot3_teleop/build install --record /home/root2/turtlebot3_ws/build/turtlebot3_teleop/install.log --single-version-externally-managed install_data
[0.831s] running egg_info
[0.832s] writing ../../../build/turtlebot3_teleop/turtlebot3_teleop.egg-info/PKG-INFO
[0.832s] writing dependency_links to ../../../build/turtlebot3_teleop/turtlebot3_teleop.egg-info/dependency_links.txt
[0.833s] writing entry points to ../../../build/turtlebot3_teleop/turtlebot3_teleop.egg-info/entry_points.txt
[0.833s] writing requirements to ../../../build/turtlebot3_teleop/turtlebot3_teleop.egg-info/requires.txt
[0.833s] writing top-level names to ../../../build/turtlebot3_teleop/turtlebot3_teleop.egg-info/top_level.txt
[0.834s] reading manifest file '../../../build/turtlebot3_teleop/turtlebot3_teleop.egg-info/SOURCES.txt'
[0.836s] writing manifest file '../../../build/turtlebot3_teleop/turtlebot3_teleop.egg-info/SOURCES.txt'
[0.836s] running build
[0.836s] running build_py
[0.836s] running install
[0.837s] running install_lib
[0.837s] running install_data
[0.838s] running install_egg_info
[0.839s] removing '/home/root2/turtlebot3_ws/install/turtlebot3_teleop/lib/python3.10/site-packages/turtlebot3_teleop-2.1.5-py3.10.egg-info' (and everything under it)
[0.840s] Copying ../../../build/turtlebot3_teleop/turtlebot3_teleop.egg-info to /home/root2/turtlebot3_ws/install/turtlebot3_teleop/lib/python3.10/site-packages/turtlebot3_teleop-2.1.5-py3.10.egg-info
[0.841s] running install_scripts
[0.860s] Installing teleop_keyboard script to /home/root2/turtlebot3_ws/install/turtlebot3_teleop/lib/turtlebot3_teleop
[0.861s] writing list of installed files to '/home/root2/turtlebot3_ws/build/turtlebot3_teleop/install.log'
[0.897s] Invoked command in '/home/root2/turtlebot3_ws/src/turtlebot3/turtlebot3_teleop' returned '0': PYTHONPATH=/home/root2/turtlebot3_ws/build/turtlebot3_teleop/prefix_override:/usr/lib/python3/dist-packages/colcon_core/task/python/colcon_distutils_commands:/home/root2/turtlebot3_ws/install/turtlebot3_teleop/lib/python3.10/site-packages:${PYTHONPATH} /usr/bin/python3 -W ignore:setup.py install is deprecated -W ignore:easy_install command is deprecated setup.py egg_info --egg-base ../../../build/turtlebot3_teleop build --build-base /home/root2/turtlebot3_ws/build/turtlebot3_teleop/build install --record /home/root2/turtlebot3_ws/build/turtlebot3_teleop/install.log --single-version-externally-managed install_data
