[0.098s] Invoking command in '/home/root2/turtlebot3_ws/build/turtlebot3': AMENT_PREFIX_PATH=/home/root2/turtlebot3_ws/install/turtlebot3_teleop:/home/root2/turtlebot3_ws/install/turtlebot3:/home/root2/turtlebot3_ws/install/turtlebot3_cmd:/opt/ros/humble CMAKE_PREFIX_PATH=${CMAKE_PREFIX_PATH}:/home/root2/turtlebot3_ws/install/turtlebot3_teleop:/home/root2/turtlebot3_ws/install/turtlebot3_cmd:/opt/ros/humble /usr/bin/cmake --build /home/root2/turtlebot3_ws/build/turtlebot3 -- -j12 -l12
[0.127s] Invoked command in '/home/root2/turtlebot3_ws/build/turtlebot3' returned '0': AMENT_PREFIX_PATH=/home/root2/turtlebot3_ws/install/turtlebot3_teleop:/home/root2/turtlebot3_ws/install/turtlebot3:/home/root2/turtlebot3_ws/install/turtlebot3_cmd:/opt/ros/humble CMAKE_PREFIX_PATH=${CMAKE_PREFIX_PATH}:/home/root2/turtlebot3_ws/install/turtlebot3_teleop:/home/root2/turtlebot3_ws/install/turtlebot3_cmd:/opt/ros/humble /usr/bin/cmake --build /home/root2/turtlebot3_ws/build/turtlebot3 -- -j12 -l12
[0.135s] Invoking command in '/home/root2/turtlebot3_ws/build/turtlebot3': AMENT_PREFIX_PATH=/home/root2/turtlebot3_ws/install/turtlebot3_teleop:/home/root2/turtlebot3_ws/install/turtlebot3:/home/root2/turtlebot3_ws/install/turtlebot3_cmd:/opt/ros/humble CMAKE_PREFIX_PATH=${CMAKE_PREFIX_PATH}:/home/root2/turtlebot3_ws/install/turtlebot3_teleop:/home/root2/turtlebot3_ws/install/turtlebot3_cmd:/opt/ros/humble /usr/bin/cmake --install /home/root2/turtlebot3_ws/build/turtlebot3
[0.142s] -- Install configuration: ""
[0.142s] -- Up-to-date: /home/root2/turtlebot3_ws/install/turtlebot3/share/ament_index/resource_index/package_run_dependencies/turtlebot3
[0.142s] -- Up-to-date: /home/root2/turtlebot3_ws/install/turtlebot3/share/ament_index/resource_index/parent_prefix_path/turtlebot3
[0.143s] -- Up-to-date: /home/root2/turtlebot3_ws/install/turtlebot3/share/turtlebot3/environment/ament_prefix_path.sh
[0.143s] -- Up-to-date: /home/root2/turtlebot3_ws/install/turtlebot3/share/turtlebot3/environment/ament_prefix_path.dsv
[0.143s] -- Up-to-date: /home/root2/turtlebot3_ws/install/turtlebot3/share/turtlebot3/environment/path.sh
[0.143s] -- Up-to-date: /home/root2/turtlebot3_ws/install/turtlebot3/share/turtlebot3/environment/path.dsv
[0.143s] -- Up-to-date: /home/root2/turtlebot3_ws/install/turtlebot3/share/turtlebot3/local_setup.bash
[0.143s] -- Up-to-date: /home/root2/turtlebot3_ws/install/turtlebot3/share/turtlebot3/local_setup.sh
[0.144s] -- Up-to-date: /home/root2/turtlebot3_ws/install/turtlebot3/share/turtlebot3/local_setup.zsh
[0.145s] -- Up-to-date: /home/root2/turtlebot3_ws/install/turtlebot3/share/turtlebot3/local_setup.dsv
[0.145s] -- Installing: /home/root2/turtlebot3_ws/install/turtlebot3/share/turtlebot3/package.dsv
[0.146s] -- Up-to-date: /home/root2/turtlebot3_ws/install/turtlebot3/share/ament_index/resource_index/packages/turtlebot3
[0.147s] -- Up-to-date: /home/root2/turtlebot3_ws/install/turtlebot3/share/turtlebot3/cmake/turtlebot3Config.cmake
[0.147s] -- Up-to-date: /home/root2/turtlebot3_ws/install/turtlebot3/share/turtlebot3/cmake/turtlebot3Config-version.cmake
[0.147s] -- Up-to-date: /home/root2/turtlebot3_ws/install/turtlebot3/share/turtlebot3/package.xml
[0.147s] Invoked command in '/home/root2/turtlebot3_ws/build/turtlebot3' returned '0': AMENT_PREFIX_PATH=/home/root2/turtlebot3_ws/install/turtlebot3_teleop:/home/root2/turtlebot3_ws/install/turtlebot3:/home/root2/turtlebot3_ws/install/turtlebot3_cmd:/opt/ros/humble CMAKE_PREFIX_PATH=${CMAKE_PREFIX_PATH}:/home/root2/turtlebot3_ws/install/turtlebot3_teleop:/home/root2/turtlebot3_ws/install/turtlebot3_cmd:/opt/ros/humble /usr/bin/cmake --install /home/root2/turtlebot3_ws/build/turtlebot3
