[0.587s] Invoking command in '/home/root2/turtlebot3_ws/src/turtlebot3_cmd': PYTHONPATH=/home/root2/turtlebot3_ws/build/turtlebot3_cmd/prefix_override:/usr/lib/python3/dist-packages/colcon_core/task/python/colcon_distutils_commands:/home/root2/turtlebot3_ws/install/turtlebot3_cmd/lib/python3.10/site-packages: /usr/bin/python3 -W ignore:setup.py install is deprecated -W ignore:easy_install command is deprecated setup.py egg_info --egg-base ../../build/turtlebot3_cmd build --build-base /home/root2/turtlebot3_ws/build/turtlebot3_cmd/build install --record /home/root2/turtlebot3_ws/build/turtlebot3_cmd/install.log --single-version-externally-managed install_data
[0.741s] running egg_info
[0.742s] writing ../../build/turtlebot3_cmd/turtlebot3_cmd.egg-info/PKG-INFO
[0.742s] writing dependency_links to ../../build/turtlebot3_cmd/turtlebot3_cmd.egg-info/dependency_links.txt
[0.743s] writing entry points to ../../build/turtlebot3_cmd/turtlebot3_cmd.egg-info/entry_points.txt
[0.743s] writing requirements to ../../build/turtlebot3_cmd/turtlebot3_cmd.egg-info/requires.txt
[0.743s] writing top-level names to ../../build/turtlebot3_cmd/turtlebot3_cmd.egg-info/top_level.txt
[0.746s] reading manifest file '../../build/turtlebot3_cmd/turtlebot3_cmd.egg-info/SOURCES.txt'
[0.747s] writing manifest file '../../build/turtlebot3_cmd/turtlebot3_cmd.egg-info/SOURCES.txt'
[0.748s] running build
[0.748s] running build_py
[0.748s] copying turtlebot3_cmd/script/yolo_detection.py -> /home/root2/turtlebot3_ws/build/turtlebot3_cmd/build/lib/turtlebot3_cmd/script
[0.748s] copying turtlebot3_cmd/script/movement.py -> /home/root2/turtlebot3_ws/build/turtlebot3_cmd/build/lib/turtlebot3_cmd/script
[0.748s] copying turtlebot3_cmd/script/detection.py -> /home/root2/turtlebot3_ws/build/turtlebot3_cmd/build/lib/turtlebot3_cmd/script
[0.748s] copying turtlebot3_cmd/script/turtlebot3_cmd.py -> /home/root2/turtlebot3_ws/build/turtlebot3_cmd/build/lib/turtlebot3_cmd/script
[0.749s] running install
[0.749s] running install_lib
[0.750s] copying /home/root2/turtlebot3_ws/build/turtlebot3_cmd/build/lib/turtlebot3_cmd/script/yolo_detection.py -> /home/root2/turtlebot3_ws/install/turtlebot3_cmd/lib/python3.10/site-packages/turtlebot3_cmd/script
[0.750s] copying /home/root2/turtlebot3_ws/build/turtlebot3_cmd/build/lib/turtlebot3_cmd/script/movement.py -> /home/root2/turtlebot3_ws/install/turtlebot3_cmd/lib/python3.10/site-packages/turtlebot3_cmd/script
[0.750s] copying /home/root2/turtlebot3_ws/build/turtlebot3_cmd/build/lib/turtlebot3_cmd/script/detection.py -> /home/root2/turtlebot3_ws/install/turtlebot3_cmd/lib/python3.10/site-packages/turtlebot3_cmd/script
[0.750s] copying /home/root2/turtlebot3_ws/build/turtlebot3_cmd/build/lib/turtlebot3_cmd/script/turtlebot3_cmd.py -> /home/root2/turtlebot3_ws/install/turtlebot3_cmd/lib/python3.10/site-packages/turtlebot3_cmd/script
[0.751s] byte-compiling /home/root2/turtlebot3_ws/install/turtlebot3_cmd/lib/python3.10/site-packages/turtlebot3_cmd/script/yolo_detection.py to yolo_detection.cpython-310.pyc
[0.751s] byte-compiling /home/root2/turtlebot3_ws/install/turtlebot3_cmd/lib/python3.10/site-packages/turtlebot3_cmd/script/movement.py to movement.cpython-310.pyc
[0.752s] byte-compiling /home/root2/turtlebot3_ws/install/turtlebot3_cmd/lib/python3.10/site-packages/turtlebot3_cmd/script/detection.py to detection.cpython-310.pyc
[0.752s] byte-compiling /home/root2/turtlebot3_ws/install/turtlebot3_cmd/lib/python3.10/site-packages/turtlebot3_cmd/script/turtlebot3_cmd.py to turtlebot3_cmd.cpython-310.pyc
[0.752s] running install_data
[0.752s] running install_egg_info
[0.754s] removing '/home/root2/turtlebot3_ws/install/turtlebot3_cmd/lib/python3.10/site-packages/turtlebot3_cmd-0.0.0-py3.10.egg-info' (and everything under it)
[0.755s] Copying ../../build/turtlebot3_cmd/turtlebot3_cmd.egg-info to /home/root2/turtlebot3_ws/install/turtlebot3_cmd/lib/python3.10/site-packages/turtlebot3_cmd-0.0.0-py3.10.egg-info
[0.757s] running install_scripts
[0.775s] Installing turtlebot3_cmd script to /home/root2/turtlebot3_ws/install/turtlebot3_cmd/lib/turtlebot3_cmd
[0.775s] writing list of installed files to '/home/root2/turtlebot3_ws/build/turtlebot3_cmd/install.log'
[0.803s] Invoked command in '/home/root2/turtlebot3_ws/src/turtlebot3_cmd' returned '0': PYTHONPATH=/home/root2/turtlebot3_ws/build/turtlebot3_cmd/prefix_override:/usr/lib/python3/dist-packages/colcon_core/task/python/colcon_distutils_commands:/home/root2/turtlebot3_ws/install/turtlebot3_cmd/lib/python3.10/site-packages: /usr/bin/python3 -W ignore:setup.py install is deprecated -W ignore:easy_install command is deprecated setup.py egg_info --egg-base ../../build/turtlebot3_cmd build --build-base /home/root2/turtlebot3_ws/build/turtlebot3_cmd/build install --record /home/root2/turtlebot3_ws/build/turtlebot3_cmd/install.log --single-version-externally-managed install_data
