[0.356s] DEBUG:colcon:Command line arguments: ['/usr/bin/colcon', 'build']
[0.356s] DEBUG:colcon:Parsed command line arguments: Namespace(log_base=None, log_level=None, verb_name='build', build_base='build', install_base='install', merge_install=False, symlink_install=False, test_result_base=None, continue_on_error=False, executor='parallel', parallel_workers=12, event_handlers=None, ignore_user_meta=False, metas=['./colcon.meta'], base_paths=['.'], packages_ignore=None, packages_ignore_regex=None, paths=None, packages_up_to=None, packages_up_to_regex=None, packages_above=None, packages_above_and_dependencies=None, packages_above_depth=None, packages_select_by_dep=None, packages_skip_by_dep=None, packages_skip_up_to=None, packages_select_build_failed=False, packages_skip_build_finished=False, packages_select_test_failures=False, packages_skip_test_passed=False, packages_select=None, packages_skip=None, packages_select_regex=None, packages_skip_regex=None, packages_start=None, packages_end=None, allow_overriding=[], cmake_args=None, cmake_target=None, cmake_target_skip_unavailable=False, cmake_clean_cache=False, cmake_clean_first=False, cmake_force_configure=False, ament_cmake_args=None, catkin_cmake_args=None, catkin_skip_building_tests=False, mixin_files=None, mixin=None, verb_parser=<colcon_mixin.mixin.mixin_argument.MixinArgumentDecorator object at 0x7f6d088f6830>, verb_extension=<colcon_core.verb.build.BuildVerb object at 0x7f6d088f6290>, main=<bound method BuildVerb.main of <colcon_core.verb.build.BuildVerb object at 0x7f6d088f6290>>, mixin_verb=('build',))
[0.565s] Level 1:colcon.colcon_core.package_discovery:discover_packages(colcon_meta) check parameters
[0.565s] Level 1:colcon.colcon_core.package_discovery:discover_packages(recursive) check parameters
[0.565s] Level 1:colcon.colcon_core.package_discovery:discover_packages(ignore) check parameters
[0.565s] Level 1:colcon.colcon_core.package_discovery:discover_packages(path) check parameters
[0.565s] Level 1:colcon.colcon_core.package_discovery:discover_packages(colcon_meta) discover
[0.565s] Level 1:colcon.colcon_core.package_discovery:discover_packages(recursive) discover
[0.566s] INFO:colcon.colcon_core.package_discovery:Crawling recursively for packages in '/home/root2/turtlebot3_ws'
[0.566s] Level 1:colcon.colcon_core.package_identification:_identify(.) by extensions ['ignore', 'ignore_ament_install']
[0.566s] Level 1:colcon.colcon_core.package_identification:_identify(.) by extension 'ignore'
[0.566s] Level 1:colcon.colcon_core.package_identification:_identify(.) by extension 'ignore_ament_install'
[0.566s] Level 1:colcon.colcon_core.package_identification:_identify(.) by extensions ['colcon_pkg']
[0.566s] Level 1:colcon.colcon_core.package_identification:_identify(.) by extension 'colcon_pkg'
[0.566s] Level 1:colcon.colcon_core.package_identification:_identify(.) by extensions ['colcon_meta']
[0.566s] Level 1:colcon.colcon_core.package_identification:_identify(.) by extension 'colcon_meta'
[0.566s] Level 1:colcon.colcon_core.package_identification:_identify(.) by extensions ['ros']
[0.566s] Level 1:colcon.colcon_core.package_identification:_identify(.) by extension 'ros'
[0.577s] Level 1:colcon.colcon_core.package_identification:_identify(.) by extensions ['cmake', 'python']
[0.577s] Level 1:colcon.colcon_core.package_identification:_identify(.) by extension 'cmake'
[0.577s] Level 1:colcon.colcon_core.package_identification:_identify(.) by extension 'python'
[0.577s] Level 1:colcon.colcon_core.package_identification:_identify(.) by extensions ['python_setup_py']
[0.577s] Level 1:colcon.colcon_core.package_identification:_identify(.) by extension 'python_setup_py'
[0.577s] Level 1:colcon.colcon_core.package_identification:_identify(build) by extensions ['ignore', 'ignore_ament_install']
[0.577s] Level 1:colcon.colcon_core.package_identification:_identify(build) by extension 'ignore'
[0.577s] Level 1:colcon.colcon_core.package_identification:_identify(build) ignored
[0.577s] Level 1:colcon.colcon_core.package_identification:_identify(install) by extensions ['ignore', 'ignore_ament_install']
[0.577s] Level 1:colcon.colcon_core.package_identification:_identify(install) by extension 'ignore'
[0.577s] Level 1:colcon.colcon_core.package_identification:_identify(install) ignored
[0.577s] Level 1:colcon.colcon_core.package_identification:_identify(log) by extensions ['ignore', 'ignore_ament_install']
[0.577s] Level 1:colcon.colcon_core.package_identification:_identify(log) by extension 'ignore'
[0.577s] Level 1:colcon.colcon_core.package_identification:_identify(log) ignored
[0.577s] Level 1:colcon.colcon_core.package_identification:_identify(src) by extensions ['ignore', 'ignore_ament_install']
[0.577s] Level 1:colcon.colcon_core.package_identification:_identify(src) by extension 'ignore'
[0.578s] Level 1:colcon.colcon_core.package_identification:_identify(src) by extension 'ignore_ament_install'
[0.578s] Level 1:colcon.colcon_core.package_identification:_identify(src) by extensions ['colcon_pkg']
[0.578s] Level 1:colcon.colcon_core.package_identification:_identify(src) by extension 'colcon_pkg'
[0.578s] Level 1:colcon.colcon_core.package_identification:_identify(src) by extensions ['colcon_meta']
[0.578s] Level 1:colcon.colcon_core.package_identification:_identify(src) by extension 'colcon_meta'
[0.578s] Level 1:colcon.colcon_core.package_identification:_identify(src) by extensions ['ros']
[0.578s] Level 1:colcon.colcon_core.package_identification:_identify(src) by extension 'ros'
[0.578s] Level 1:colcon.colcon_core.package_identification:_identify(src) by extensions ['cmake', 'python']
[0.578s] Level 1:colcon.colcon_core.package_identification:_identify(src) by extension 'cmake'
[0.578s] Level 1:colcon.colcon_core.package_identification:_identify(src) by extension 'python'
[0.578s] Level 1:colcon.colcon_core.package_identification:_identify(src) by extensions ['python_setup_py']
[0.578s] Level 1:colcon.colcon_core.package_identification:_identify(src) by extension 'python_setup_py'
[0.578s] Level 1:colcon.colcon_core.package_identification:_identify(src/turtlebot3) by extensions ['ignore', 'ignore_ament_install']
[0.578s] Level 1:colcon.colcon_core.package_identification:_identify(src/turtlebot3) by extension 'ignore'
[0.578s] Level 1:colcon.colcon_core.package_identification:_identify(src/turtlebot3) by extension 'ignore_ament_install'
[0.578s] Level 1:colcon.colcon_core.package_identification:_identify(src/turtlebot3) by extensions ['colcon_pkg']
[0.578s] Level 1:colcon.colcon_core.package_identification:_identify(src/turtlebot3) by extension 'colcon_pkg'
[0.578s] Level 1:colcon.colcon_core.package_identification:_identify(src/turtlebot3) by extensions ['colcon_meta']
[0.578s] Level 1:colcon.colcon_core.package_identification:_identify(src/turtlebot3) by extension 'colcon_meta'
[0.578s] Level 1:colcon.colcon_core.package_identification:_identify(src/turtlebot3) by extensions ['ros']
[0.578s] Level 1:colcon.colcon_core.package_identification:_identify(src/turtlebot3) by extension 'ros'
[0.578s] Level 1:colcon.colcon_core.package_identification:_identify(src/turtlebot3) by extensions ['cmake', 'python']
[0.578s] Level 1:colcon.colcon_core.package_identification:_identify(src/turtlebot3) by extension 'cmake'
[0.578s] Level 1:colcon.colcon_core.package_identification:_identify(src/turtlebot3) by extension 'python'
[0.578s] Level 1:colcon.colcon_core.package_identification:_identify(src/turtlebot3) by extensions ['python_setup_py']
[0.578s] Level 1:colcon.colcon_core.package_identification:_identify(src/turtlebot3) by extension 'python_setup_py'
[0.578s] Level 1:colcon.colcon_core.package_identification:_identify(src/turtlebot3/turtlebot3) by extensions ['ignore', 'ignore_ament_install']
[0.578s] Level 1:colcon.colcon_core.package_identification:_identify(src/turtlebot3/turtlebot3) by extension 'ignore'
[0.578s] Level 1:colcon.colcon_core.package_identification:_identify(src/turtlebot3/turtlebot3) by extension 'ignore_ament_install'
[0.578s] Level 1:colcon.colcon_core.package_identification:_identify(src/turtlebot3/turtlebot3) by extensions ['colcon_pkg']
[0.578s] Level 1:colcon.colcon_core.package_identification:_identify(src/turtlebot3/turtlebot3) by extension 'colcon_pkg'
[0.578s] Level 1:colcon.colcon_core.package_identification:_identify(src/turtlebot3/turtlebot3) by extensions ['colcon_meta']
[0.578s] Level 1:colcon.colcon_core.package_identification:_identify(src/turtlebot3/turtlebot3) by extension 'colcon_meta'
[0.578s] Level 1:colcon.colcon_core.package_identification:_identify(src/turtlebot3/turtlebot3) by extensions ['ros']
[0.578s] Level 1:colcon.colcon_core.package_identification:_identify(src/turtlebot3/turtlebot3) by extension 'ros'
[0.581s] DEBUG:colcon.colcon_core.package_identification:Package 'src/turtlebot3/turtlebot3' with type 'ros.ament_cmake' and name 'turtlebot3'
[0.581s] Level 1:colcon.colcon_core.package_identification:_identify(src/turtlebot3/turtlebot3_teleop) by extensions ['ignore', 'ignore_ament_install']
[0.582s] Level 1:colcon.colcon_core.package_identification:_identify(src/turtlebot3/turtlebot3_teleop) by extension 'ignore'
[0.582s] Level 1:colcon.colcon_core.package_identification:_identify(src/turtlebot3/turtlebot3_teleop) by extension 'ignore_ament_install'
[0.582s] Level 1:colcon.colcon_core.package_identification:_identify(src/turtlebot3/turtlebot3_teleop) by extensions ['colcon_pkg']
[0.582s] Level 1:colcon.colcon_core.package_identification:_identify(src/turtlebot3/turtlebot3_teleop) by extension 'colcon_pkg'
[0.582s] Level 1:colcon.colcon_core.package_identification:_identify(src/turtlebot3/turtlebot3_teleop) by extensions ['colcon_meta']
[0.582s] Level 1:colcon.colcon_core.package_identification:_identify(src/turtlebot3/turtlebot3_teleop) by extension 'colcon_meta'
[0.582s] Level 1:colcon.colcon_core.package_identification:_identify(src/turtlebot3/turtlebot3_teleop) by extensions ['ros']
[0.582s] Level 1:colcon.colcon_core.package_identification:_identify(src/turtlebot3/turtlebot3_teleop) by extension 'ros'
[0.583s] DEBUG:colcon.colcon_core.package_identification:Package 'src/turtlebot3/turtlebot3_teleop' with type 'ros.ament_python' and name 'turtlebot3_teleop'
[0.583s] Level 1:colcon.colcon_core.package_identification:_identify(src/turtlebot3_cmd) by extensions ['ignore', 'ignore_ament_install']
[0.583s] Level 1:colcon.colcon_core.package_identification:_identify(src/turtlebot3_cmd) by extension 'ignore'
[0.583s] Level 1:colcon.colcon_core.package_identification:_identify(src/turtlebot3_cmd) by extension 'ignore_ament_install'
[0.583s] Level 1:colcon.colcon_core.package_identification:_identify(src/turtlebot3_cmd) by extensions ['colcon_pkg']
[0.583s] Level 1:colcon.colcon_core.package_identification:_identify(src/turtlebot3_cmd) by extension 'colcon_pkg'
[0.583s] Level 1:colcon.colcon_core.package_identification:_identify(src/turtlebot3_cmd) by extensions ['colcon_meta']
[0.583s] Level 1:colcon.colcon_core.package_identification:_identify(src/turtlebot3_cmd) by extension 'colcon_meta'
[0.583s] Level 1:colcon.colcon_core.package_identification:_identify(src/turtlebot3_cmd) by extensions ['ros']
[0.583s] Level 1:colcon.colcon_core.package_identification:_identify(src/turtlebot3_cmd) by extension 'ros'
[0.583s] DEBUG:colcon.colcon_core.package_identification:Package 'src/turtlebot3_cmd' with type 'ros.ament_python' and name 'turtlebot3_cmd'
[0.584s] Level 1:colcon.colcon_core.package_discovery:discover_packages(recursive) using defaults
[0.584s] Level 1:colcon.colcon_core.package_discovery:discover_packages(ignore) discover
[0.584s] Level 1:colcon.colcon_core.package_discovery:discover_packages(ignore) using defaults
[0.584s] Level 1:colcon.colcon_core.package_discovery:discover_packages(path) discover
[0.584s] Level 1:colcon.colcon_core.package_discovery:discover_packages(path) using defaults
[0.614s] Level 1:colcon.colcon_core.package_discovery:discover_packages(prefix_path) check parameters
[0.615s] Level 1:colcon.colcon_core.package_discovery:discover_packages(prefix_path) discover
[0.617s] DEBUG:colcon.colcon_installed_package_information.package_discovery:Found 3 installed packages in /home/root2/turtlebot3_ws/install
[0.618s] DEBUG:colcon.colcon_installed_package_information.package_discovery:Found 270 installed packages in /opt/ros/humble
[0.619s] Level 1:colcon.colcon_core.package_discovery:discover_packages(prefix_path) using defaults
[0.643s] Level 5:colcon.colcon_core.verb:set package 'turtlebot3_cmd' build argument 'cmake_args' from command line to 'None'
[0.643s] Level 5:colcon.colcon_core.verb:set package 'turtlebot3_cmd' build argument 'cmake_target' from command line to 'None'
[0.643s] Level 5:colcon.colcon_core.verb:set package 'turtlebot3_cmd' build argument 'cmake_target_skip_unavailable' from command line to 'False'
[0.643s] Level 5:colcon.colcon_core.verb:set package 'turtlebot3_cmd' build argument 'cmake_clean_cache' from command line to 'False'
[0.643s] Level 5:colcon.colcon_core.verb:set package 'turtlebot3_cmd' build argument 'cmake_clean_first' from command line to 'False'
[0.643s] Level 5:colcon.colcon_core.verb:set package 'turtlebot3_cmd' build argument 'cmake_force_configure' from command line to 'False'
[0.643s] Level 5:colcon.colcon_core.verb:set package 'turtlebot3_cmd' build argument 'ament_cmake_args' from command line to 'None'
[0.644s] Level 5:colcon.colcon_core.verb:set package 'turtlebot3_cmd' build argument 'catkin_cmake_args' from command line to 'None'
[0.644s] Level 5:colcon.colcon_core.verb:set package 'turtlebot3_cmd' build argument 'catkin_skip_building_tests' from command line to 'False'
[0.644s] DEBUG:colcon.colcon_core.verb:Building package 'turtlebot3_cmd' with the following arguments: {'ament_cmake_args': None, 'build_base': '/home/root2/turtlebot3_ws/build/turtlebot3_cmd', 'catkin_cmake_args': None, 'catkin_skip_building_tests': False, 'cmake_args': None, 'cmake_clean_cache': False, 'cmake_clean_first': False, 'cmake_force_configure': False, 'cmake_target': None, 'cmake_target_skip_unavailable': False, 'install_base': '/home/root2/turtlebot3_ws/install/turtlebot3_cmd', 'merge_install': False, 'path': '/home/root2/turtlebot3_ws/src/turtlebot3_cmd', 'symlink_install': False, 'test_result_base': None}
[0.644s] Level 5:colcon.colcon_core.verb:set package 'turtlebot3_teleop' build argument 'cmake_args' from command line to 'None'
[0.644s] Level 5:colcon.colcon_core.verb:set package 'turtlebot3_teleop' build argument 'cmake_target' from command line to 'None'
[0.644s] Level 5:colcon.colcon_core.verb:set package 'turtlebot3_teleop' build argument 'cmake_target_skip_unavailable' from command line to 'False'
[0.644s] Level 5:colcon.colcon_core.verb:set package 'turtlebot3_teleop' build argument 'cmake_clean_cache' from command line to 'False'
[0.644s] Level 5:colcon.colcon_core.verb:set package 'turtlebot3_teleop' build argument 'cmake_clean_first' from command line to 'False'
[0.644s] Level 5:colcon.colcon_core.verb:set package 'turtlebot3_teleop' build argument 'cmake_force_configure' from command line to 'False'
[0.644s] Level 5:colcon.colcon_core.verb:set package 'turtlebot3_teleop' build argument 'ament_cmake_args' from command line to 'None'
[0.644s] Level 5:colcon.colcon_core.verb:set package 'turtlebot3_teleop' build argument 'catkin_cmake_args' from command line to 'None'
[0.644s] Level 5:colcon.colcon_core.verb:set package 'turtlebot3_teleop' build argument 'catkin_skip_building_tests' from command line to 'False'
[0.644s] DEBUG:colcon.colcon_core.verb:Building package 'turtlebot3_teleop' with the following arguments: {'ament_cmake_args': None, 'build_base': '/home/root2/turtlebot3_ws/build/turtlebot3_teleop', 'catkin_cmake_args': None, 'catkin_skip_building_tests': False, 'cmake_args': None, 'cmake_clean_cache': False, 'cmake_clean_first': False, 'cmake_force_configure': False, 'cmake_target': None, 'cmake_target_skip_unavailable': False, 'install_base': '/home/root2/turtlebot3_ws/install/turtlebot3_teleop', 'merge_install': False, 'path': '/home/root2/turtlebot3_ws/src/turtlebot3/turtlebot3_teleop', 'symlink_install': False, 'test_result_base': None}
[0.645s] Level 5:colcon.colcon_core.verb:set package 'turtlebot3' build argument 'cmake_args' from command line to 'None'
[0.645s] Level 5:colcon.colcon_core.verb:set package 'turtlebot3' build argument 'cmake_target' from command line to 'None'
[0.645s] Level 5:colcon.colcon_core.verb:set package 'turtlebot3' build argument 'cmake_target_skip_unavailable' from command line to 'False'
[0.645s] Level 5:colcon.colcon_core.verb:set package 'turtlebot3' build argument 'cmake_clean_cache' from command line to 'False'
[0.645s] Level 5:colcon.colcon_core.verb:set package 'turtlebot3' build argument 'cmake_clean_first' from command line to 'False'
[0.645s] Level 5:colcon.colcon_core.verb:set package 'turtlebot3' build argument 'cmake_force_configure' from command line to 'False'
[0.645s] Level 5:colcon.colcon_core.verb:set package 'turtlebot3' build argument 'ament_cmake_args' from command line to 'None'
[0.645s] Level 5:colcon.colcon_core.verb:set package 'turtlebot3' build argument 'catkin_cmake_args' from command line to 'None'
[0.645s] Level 5:colcon.colcon_core.verb:set package 'turtlebot3' build argument 'catkin_skip_building_tests' from command line to 'False'
[0.645s] DEBUG:colcon.colcon_core.verb:Building package 'turtlebot3' with the following arguments: {'ament_cmake_args': None, 'build_base': '/home/root2/turtlebot3_ws/build/turtlebot3', 'catkin_cmake_args': None, 'catkin_skip_building_tests': False, 'cmake_args': None, 'cmake_clean_cache': False, 'cmake_clean_first': False, 'cmake_force_configure': False, 'cmake_target': None, 'cmake_target_skip_unavailable': False, 'install_base': '/home/root2/turtlebot3_ws/install/turtlebot3', 'merge_install': False, 'path': '/home/root2/turtlebot3_ws/src/turtlebot3/turtlebot3', 'symlink_install': False, 'test_result_base': None}
[0.645s] INFO:colcon.colcon_core.executor:Executing jobs using 'parallel' executor
[0.646s] DEBUG:colcon.colcon_parallel_executor.executor.parallel:run_until_complete
[0.647s] INFO:colcon.colcon_ros.task.ament_python.build:Building ROS package in '/home/root2/turtlebot3_ws/src/turtlebot3/turtlebot3_teleop' with build type 'ament_python'
[0.647s] Level 1:colcon.colcon_core.shell:create_environment_hook('turtlebot3_teleop', 'ament_prefix_path')
[0.652s] INFO:colcon.colcon_core.plugin_system:Skipping extension 'colcon_core.shell.bat': Not used on non-Windows systems
[0.653s] INFO:colcon.colcon_core.shell:Creating environment hook '/home/root2/turtlebot3_ws/install/turtlebot3_teleop/share/turtlebot3_teleop/hook/ament_prefix_path.ps1'
[0.654s] INFO:colcon.colcon_core.shell:Creating environment descriptor '/home/root2/turtlebot3_ws/install/turtlebot3_teleop/share/turtlebot3_teleop/hook/ament_prefix_path.dsv'
[0.654s] INFO:colcon.colcon_core.shell:Creating environment hook '/home/root2/turtlebot3_ws/install/turtlebot3_teleop/share/turtlebot3_teleop/hook/ament_prefix_path.sh'
[0.655s] INFO:colcon.colcon_core.shell:Skip shell extension 'powershell' for command environment: Not usable outside of PowerShell
[0.655s] DEBUG:colcon.colcon_core.shell:Skip shell extension 'dsv' for command environment
[0.658s] INFO:colcon.colcon_ros.task.ament_python.build:Building ROS package in '/home/root2/turtlebot3_ws/src/turtlebot3_cmd' with build type 'ament_python'
[0.658s] Level 1:colcon.colcon_core.shell:create_environment_hook('turtlebot3_cmd', 'ament_prefix_path')
[0.658s] INFO:colcon.colcon_core.shell:Creating environment hook '/home/root2/turtlebot3_ws/install/turtlebot3_cmd/share/turtlebot3_cmd/hook/ament_prefix_path.ps1'
[0.659s] INFO:colcon.colcon_core.shell:Creating environment descriptor '/home/root2/turtlebot3_ws/install/turtlebot3_cmd/share/turtlebot3_cmd/hook/ament_prefix_path.dsv'
[0.660s] INFO:colcon.colcon_core.shell:Creating environment hook '/home/root2/turtlebot3_ws/install/turtlebot3_cmd/share/turtlebot3_cmd/hook/ament_prefix_path.sh'
[0.660s] INFO:colcon.colcon_core.shell:Skip shell extension 'powershell' for command environment: Not usable outside of PowerShell
[0.660s] DEBUG:colcon.colcon_core.shell:Skip shell extension 'dsv' for command environment
[0.833s] INFO:colcon.colcon_core.task.python.build:Building Python package in '/home/root2/turtlebot3_ws/src/turtlebot3/turtlebot3_teleop'
[0.833s] INFO:colcon.colcon_core.shell:Skip shell extension 'powershell' for command environment: Not usable outside of PowerShell
[0.833s] DEBUG:colcon.colcon_core.shell:Skip shell extension 'dsv' for command environment
[1.005s] INFO:colcon.colcon_core.task.python.build:Building Python package in '/home/root2/turtlebot3_ws/src/turtlebot3_cmd'
[1.005s] INFO:colcon.colcon_core.shell:Skip shell extension 'powershell' for command environment: Not usable outside of PowerShell
[1.005s] DEBUG:colcon.colcon_core.shell:Skip shell extension 'dsv' for command environment
[1.324s] DEBUG:colcon.colcon_core.event_handler.log_command:Invoking command in '/home/root2/turtlebot3_ws/src/turtlebot3/turtlebot3_teleop': PYTHONPATH=/home/root2/turtlebot3_ws/build/turtlebot3_teleop/prefix_override:/usr/lib/python3/dist-packages/colcon_core/task/python/colcon_distutils_commands:/home/root2/turtlebot3_ws/install/turtlebot3_teleop/lib/python3.10/site-packages:${PYTHONPATH} /usr/bin/python3 -W ignore:setup.py install is deprecated -W ignore:easy_install command is deprecated setup.py egg_info --egg-base ../../../build/turtlebot3_teleop build --build-base /home/root2/turtlebot3_ws/build/turtlebot3_teleop/build install --record /home/root2/turtlebot3_ws/build/turtlebot3_teleop/install.log --single-version-externally-managed install_data
[1.326s] DEBUG:colcon.colcon_core.event_handler.log_command:Invoking command in '/home/root2/turtlebot3_ws/src/turtlebot3_cmd': PYTHONPATH=/home/root2/turtlebot3_ws/build/turtlebot3_cmd/prefix_override:/usr/lib/python3/dist-packages/colcon_core/task/python/colcon_distutils_commands:/home/root2/turtlebot3_ws/install/turtlebot3_cmd/lib/python3.10/site-packages:${PYTHONPATH} /usr/bin/python3 -W ignore:setup.py install is deprecated -W ignore:easy_install command is deprecated setup.py egg_info --egg-base ../../build/turtlebot3_cmd build --build-base /home/root2/turtlebot3_ws/build/turtlebot3_cmd/build install --record /home/root2/turtlebot3_ws/build/turtlebot3_cmd/install.log --single-version-externally-managed install_data
[1.564s] DEBUG:colcon.colcon_core.event_handler.log_command:Invoked command in '/home/root2/turtlebot3_ws/src/turtlebot3_cmd' returned '0': PYTHONPATH=/home/root2/turtlebot3_ws/build/turtlebot3_cmd/prefix_override:/usr/lib/python3/dist-packages/colcon_core/task/python/colcon_distutils_commands:/home/root2/turtlebot3_ws/install/turtlebot3_cmd/lib/python3.10/site-packages:${PYTHONPATH} /usr/bin/python3 -W ignore:setup.py install is deprecated -W ignore:easy_install command is deprecated setup.py egg_info --egg-base ../../build/turtlebot3_cmd build --build-base /home/root2/turtlebot3_ws/build/turtlebot3_cmd/build install --record /home/root2/turtlebot3_ws/build/turtlebot3_cmd/install.log --single-version-externally-managed install_data
[1.571s] Level 1:colcon.colcon_core.environment:checking '/home/root2/turtlebot3_ws/install/turtlebot3_cmd' for CMake module files
[1.571s] Level 1:colcon.colcon_core.environment:checking '/home/root2/turtlebot3_ws/install/turtlebot3_cmd' for CMake config files
[1.572s] Level 1:colcon.colcon_core.environment:checking '/home/root2/turtlebot3_ws/install/turtlebot3_cmd/lib'
[1.572s] Level 1:colcon.colcon_core.environment:checking '/home/root2/turtlebot3_ws/install/turtlebot3_cmd/bin'
[1.572s] Level 1:colcon.colcon_core.environment:checking '/home/root2/turtlebot3_ws/install/turtlebot3_cmd/lib/pkgconfig/turtlebot3_cmd.pc'
[1.572s] Level 1:colcon.colcon_core.environment:checking '/home/root2/turtlebot3_ws/install/turtlebot3_cmd/lib/python3.10/site-packages'
[1.572s] Level 1:colcon.colcon_core.shell:create_environment_hook('turtlebot3_cmd', 'pythonpath')
[1.572s] INFO:colcon.colcon_core.shell:Creating environment hook '/home/root2/turtlebot3_ws/install/turtlebot3_cmd/share/turtlebot3_cmd/hook/pythonpath.ps1'
[1.573s] INFO:colcon.colcon_core.shell:Creating environment descriptor '/home/root2/turtlebot3_ws/install/turtlebot3_cmd/share/turtlebot3_cmd/hook/pythonpath.dsv'
[1.573s] INFO:colcon.colcon_core.shell:Creating environment hook '/home/root2/turtlebot3_ws/install/turtlebot3_cmd/share/turtlebot3_cmd/hook/pythonpath.sh'
[1.573s] Level 1:colcon.colcon_core.environment:checking '/home/root2/turtlebot3_ws/install/turtlebot3_cmd/bin'
[1.574s] Level 1:colcon.colcon_core.environment:create_environment_scripts_only(turtlebot3_cmd)
[1.574s] INFO:colcon.colcon_core.shell:Creating package script '/home/root2/turtlebot3_ws/install/turtlebot3_cmd/share/turtlebot3_cmd/package.ps1'
[1.575s] INFO:colcon.colcon_core.shell:Creating package descriptor '/home/root2/turtlebot3_ws/install/turtlebot3_cmd/share/turtlebot3_cmd/package.dsv'
[1.576s] INFO:colcon.colcon_core.shell:Creating package script '/home/root2/turtlebot3_ws/install/turtlebot3_cmd/share/turtlebot3_cmd/package.sh'
[1.578s] INFO:colcon.colcon_core.shell:Creating package script '/home/root2/turtlebot3_ws/install/turtlebot3_cmd/share/turtlebot3_cmd/package.bash'
[1.579s] INFO:colcon.colcon_core.shell:Creating package script '/home/root2/turtlebot3_ws/install/turtlebot3_cmd/share/turtlebot3_cmd/package.zsh'
[1.580s] Level 1:colcon.colcon_core.environment:create_file_with_runtime_dependencies(/home/root2/turtlebot3_ws/install/turtlebot3_cmd/share/colcon-core/packages/turtlebot3_cmd)
[1.583s] Level 1:colcon.colcon_core.environment:checking '/home/root2/turtlebot3_ws/install/turtlebot3_teleop' for CMake module files
[1.584s] DEBUG:colcon.colcon_core.event_handler.log_command:Invoked command in '/home/root2/turtlebot3_ws/src/turtlebot3/turtlebot3_teleop' returned '0': PYTHONPATH=/home/root2/turtlebot3_ws/build/turtlebot3_teleop/prefix_override:/usr/lib/python3/dist-packages/colcon_core/task/python/colcon_distutils_commands:/home/root2/turtlebot3_ws/install/turtlebot3_teleop/lib/python3.10/site-packages:${PYTHONPATH} /usr/bin/python3 -W ignore:setup.py install is deprecated -W ignore:easy_install command is deprecated setup.py egg_info --egg-base ../../../build/turtlebot3_teleop build --build-base /home/root2/turtlebot3_ws/build/turtlebot3_teleop/build install --record /home/root2/turtlebot3_ws/build/turtlebot3_teleop/install.log --single-version-externally-managed install_data
[1.584s] Level 1:colcon.colcon_core.environment:checking '/home/root2/turtlebot3_ws/install/turtlebot3_teleop' for CMake config files
[1.584s] Level 1:colcon.colcon_core.environment:checking '/home/root2/turtlebot3_ws/install/turtlebot3_teleop/lib'
[1.584s] Level 1:colcon.colcon_core.environment:checking '/home/root2/turtlebot3_ws/install/turtlebot3_teleop/bin'
[1.585s] Level 1:colcon.colcon_core.environment:checking '/home/root2/turtlebot3_ws/install/turtlebot3_teleop/lib/pkgconfig/turtlebot3_teleop.pc'
[1.585s] Level 1:colcon.colcon_core.environment:checking '/home/root2/turtlebot3_ws/install/turtlebot3_teleop/lib/python3.10/site-packages'
[1.585s] Level 1:colcon.colcon_core.shell:create_environment_hook('turtlebot3_teleop', 'pythonpath')
[1.585s] INFO:colcon.colcon_core.shell:Creating environment hook '/home/root2/turtlebot3_ws/install/turtlebot3_teleop/share/turtlebot3_teleop/hook/pythonpath.ps1'
[1.585s] INFO:colcon.colcon_core.shell:Creating environment descriptor '/home/root2/turtlebot3_ws/install/turtlebot3_teleop/share/turtlebot3_teleop/hook/pythonpath.dsv'
[1.586s] INFO:colcon.colcon_core.shell:Creating environment hook '/home/root2/turtlebot3_ws/install/turtlebot3_teleop/share/turtlebot3_teleop/hook/pythonpath.sh'
[1.586s] Level 1:colcon.colcon_core.environment:checking '/home/root2/turtlebot3_ws/install/turtlebot3_teleop/bin'
[1.586s] Level 1:colcon.colcon_core.environment:create_environment_scripts_only(turtlebot3_teleop)
[1.586s] INFO:colcon.colcon_core.shell:Creating package script '/home/root2/turtlebot3_ws/install/turtlebot3_teleop/share/turtlebot3_teleop/package.ps1'
[1.587s] INFO:colcon.colcon_core.shell:Creating package descriptor '/home/root2/turtlebot3_ws/install/turtlebot3_teleop/share/turtlebot3_teleop/package.dsv'
[1.587s] INFO:colcon.colcon_core.shell:Creating package script '/home/root2/turtlebot3_ws/install/turtlebot3_teleop/share/turtlebot3_teleop/package.sh'
[1.588s] INFO:colcon.colcon_core.shell:Creating package script '/home/root2/turtlebot3_ws/install/turtlebot3_teleop/share/turtlebot3_teleop/package.bash'
[1.588s] INFO:colcon.colcon_core.shell:Creating package script '/home/root2/turtlebot3_ws/install/turtlebot3_teleop/share/turtlebot3_teleop/package.zsh'
[1.588s] Level 1:colcon.colcon_core.environment:create_file_with_runtime_dependencies(/home/root2/turtlebot3_ws/install/turtlebot3_teleop/share/colcon-core/packages/turtlebot3_teleop)
[1.589s] INFO:colcon.colcon_ros.task.ament_cmake.build:Building ROS package in '/home/root2/turtlebot3_ws/src/turtlebot3/turtlebot3' with build type 'ament_cmake'
[1.589s] INFO:colcon.colcon_cmake.task.cmake.build:Building CMake package in '/home/root2/turtlebot3_ws/src/turtlebot3/turtlebot3'
[1.589s] INFO:colcon.colcon_core.shell:Skip shell extension 'powershell' for command environment: Not usable outside of PowerShell
[1.589s] DEBUG:colcon.colcon_core.shell:Skip shell extension 'dsv' for command environment
[1.695s] DEBUG:colcon.colcon_core.event_handler.log_command:Invoking command in '/home/root2/turtlebot3_ws/build/turtlebot3': AMENT_PREFIX_PATH=/home/root2/turtlebot3_ws/install/turtlebot3_teleop:/home/root2/turtlebot3_ws/install/turtlebot3:/home/root2/turtlebot3_ws/install/turtlebot3_cmd:/opt/ros/humble CMAKE_PREFIX_PATH=${CMAKE_PREFIX_PATH}:/home/root2/turtlebot3_ws/install/turtlebot3_teleop:/home/root2/turtlebot3_ws/install/turtlebot3_cmd:/opt/ros/humble /usr/bin/cmake --build /home/root2/turtlebot3_ws/build/turtlebot3 -- -j12 -l12
[1.775s] DEBUG:colcon.colcon_core.event_handler.log_command:Invoked command in '/home/root2/turtlebot3_ws/build/turtlebot3' returned '0': AMENT_PREFIX_PATH=/home/root2/turtlebot3_ws/install/turtlebot3_teleop:/home/root2/turtlebot3_ws/install/turtlebot3:/home/root2/turtlebot3_ws/install/turtlebot3_cmd:/opt/ros/humble CMAKE_PREFIX_PATH=${CMAKE_PREFIX_PATH}:/home/root2/turtlebot3_ws/install/turtlebot3_teleop:/home/root2/turtlebot3_ws/install/turtlebot3_cmd:/opt/ros/humble /usr/bin/cmake --build /home/root2/turtlebot3_ws/build/turtlebot3 -- -j12 -l12
[1.783s] DEBUG:colcon.colcon_core.event_handler.log_command:Invoking command in '/home/root2/turtlebot3_ws/build/turtlebot3': AMENT_PREFIX_PATH=/home/root2/turtlebot3_ws/install/turtlebot3_teleop:/home/root2/turtlebot3_ws/install/turtlebot3:/home/root2/turtlebot3_ws/install/turtlebot3_cmd:/opt/ros/humble CMAKE_PREFIX_PATH=${CMAKE_PREFIX_PATH}:/home/root2/turtlebot3_ws/install/turtlebot3_teleop:/home/root2/turtlebot3_ws/install/turtlebot3_cmd:/opt/ros/humble /usr/bin/cmake --install /home/root2/turtlebot3_ws/build/turtlebot3
[1.791s] Level 1:colcon.colcon_core.environment:create_environment_scripts_only(turtlebot3)
[1.792s] Level 1:colcon.colcon_core.environment:checking '/home/root2/turtlebot3_ws/install/turtlebot3' for CMake module files
[1.793s] DEBUG:colcon.colcon_core.event_handler.log_command:Invoked command in '/home/root2/turtlebot3_ws/build/turtlebot3' returned '0': AMENT_PREFIX_PATH=/home/root2/turtlebot3_ws/install/turtlebot3_teleop:/home/root2/turtlebot3_ws/install/turtlebot3:/home/root2/turtlebot3_ws/install/turtlebot3_cmd:/opt/ros/humble CMAKE_PREFIX_PATH=${CMAKE_PREFIX_PATH}:/home/root2/turtlebot3_ws/install/turtlebot3_teleop:/home/root2/turtlebot3_ws/install/turtlebot3_cmd:/opt/ros/humble /usr/bin/cmake --install /home/root2/turtlebot3_ws/build/turtlebot3
[1.793s] Level 1:colcon.colcon_core.environment:checking '/home/root2/turtlebot3_ws/install/turtlebot3' for CMake config files
[1.794s] Level 1:colcon.colcon_core.shell:create_environment_hook('turtlebot3', 'cmake_prefix_path')
[1.794s] INFO:colcon.colcon_core.shell:Creating environment hook '/home/root2/turtlebot3_ws/install/turtlebot3/share/turtlebot3/hook/cmake_prefix_path.ps1'
[1.794s] INFO:colcon.colcon_core.shell:Creating environment descriptor '/home/root2/turtlebot3_ws/install/turtlebot3/share/turtlebot3/hook/cmake_prefix_path.dsv'
[1.794s] INFO:colcon.colcon_core.shell:Creating environment hook '/home/root2/turtlebot3_ws/install/turtlebot3/share/turtlebot3/hook/cmake_prefix_path.sh'
[1.795s] Level 1:colcon.colcon_core.environment:checking '/home/root2/turtlebot3_ws/install/turtlebot3/bin'
[1.795s] Level 1:colcon.colcon_core.environment:checking '/home/root2/turtlebot3_ws/install/turtlebot3/lib/pkgconfig/turtlebot3.pc'
[1.795s] Level 1:colcon.colcon_core.environment:checking '/home/root2/turtlebot3_ws/install/turtlebot3/lib/python3.10/site-packages'
[1.795s] Level 1:colcon.colcon_core.environment:checking '/home/root2/turtlebot3_ws/install/turtlebot3/bin'
[1.795s] INFO:colcon.colcon_core.shell:Creating package script '/home/root2/turtlebot3_ws/install/turtlebot3/share/turtlebot3/package.ps1'
[1.796s] INFO:colcon.colcon_core.shell:Creating package descriptor '/home/root2/turtlebot3_ws/install/turtlebot3/share/turtlebot3/package.dsv'
[1.796s] INFO:colcon.colcon_core.shell:Creating package script '/home/root2/turtlebot3_ws/install/turtlebot3/share/turtlebot3/package.sh'
[1.796s] INFO:colcon.colcon_core.shell:Creating package script '/home/root2/turtlebot3_ws/install/turtlebot3/share/turtlebot3/package.bash'
[1.796s] INFO:colcon.colcon_core.shell:Creating package script '/home/root2/turtlebot3_ws/install/turtlebot3/share/turtlebot3/package.zsh'
[1.797s] Level 1:colcon.colcon_core.environment:create_file_with_runtime_dependencies(/home/root2/turtlebot3_ws/install/turtlebot3/share/colcon-core/packages/turtlebot3)
[1.797s] Level 1:colcon.colcon_core.environment:create_environment_scripts_only(turtlebot3)
[1.797s] Level 1:colcon.colcon_core.environment:checking '/home/root2/turtlebot3_ws/install/turtlebot3' for CMake module files
[1.797s] Level 1:colcon.colcon_core.environment:checking '/home/root2/turtlebot3_ws/install/turtlebot3' for CMake config files
[1.798s] Level 1:colcon.colcon_core.shell:create_environment_hook('turtlebot3', 'cmake_prefix_path')
[1.798s] INFO:colcon.colcon_core.shell:Creating environment hook '/home/root2/turtlebot3_ws/install/turtlebot3/share/turtlebot3/hook/cmake_prefix_path.ps1'
[1.798s] INFO:colcon.colcon_core.shell:Creating environment descriptor '/home/root2/turtlebot3_ws/install/turtlebot3/share/turtlebot3/hook/cmake_prefix_path.dsv'
[1.798s] INFO:colcon.colcon_core.shell:Creating environment hook '/home/root2/turtlebot3_ws/install/turtlebot3/share/turtlebot3/hook/cmake_prefix_path.sh'
[1.798s] Level 1:colcon.colcon_core.environment:checking '/home/root2/turtlebot3_ws/install/turtlebot3/bin'
[1.798s] Level 1:colcon.colcon_core.environment:checking '/home/root2/turtlebot3_ws/install/turtlebot3/lib/pkgconfig/turtlebot3.pc'
[1.799s] Level 1:colcon.colcon_core.environment:checking '/home/root2/turtlebot3_ws/install/turtlebot3/lib/python3.10/site-packages'
[1.799s] Level 1:colcon.colcon_core.environment:checking '/home/root2/turtlebot3_ws/install/turtlebot3/bin'
[1.799s] INFO:colcon.colcon_core.shell:Creating package script '/home/root2/turtlebot3_ws/install/turtlebot3/share/turtlebot3/package.ps1'
[1.799s] INFO:colcon.colcon_core.shell:Creating package descriptor '/home/root2/turtlebot3_ws/install/turtlebot3/share/turtlebot3/package.dsv'
[1.800s] INFO:colcon.colcon_core.shell:Creating package script '/home/root2/turtlebot3_ws/install/turtlebot3/share/turtlebot3/package.sh'
[1.800s] INFO:colcon.colcon_core.shell:Creating package script '/home/root2/turtlebot3_ws/install/turtlebot3/share/turtlebot3/package.bash'
[1.800s] INFO:colcon.colcon_core.shell:Creating package script '/home/root2/turtlebot3_ws/install/turtlebot3/share/turtlebot3/package.zsh'
[1.800s] Level 1:colcon.colcon_core.environment:create_file_with_runtime_dependencies(/home/root2/turtlebot3_ws/install/turtlebot3/share/colcon-core/packages/turtlebot3)
[1.800s] DEBUG:colcon.colcon_parallel_executor.executor.parallel:closing loop
[1.801s] DEBUG:colcon.colcon_parallel_executor.executor.parallel:loop closed
[1.801s] DEBUG:colcon.colcon_parallel_executor.executor.parallel:run_until_complete finished with '0'
[1.801s] DEBUG:colcon.colcon_core.event_reactor:joining thread
[1.850s] INFO:colcon.colcon_core.plugin_system:Skipping extension 'colcon_notification.desktop_notification.notify_send': Could not find 'notify-send'
[1.850s] INFO:colcon.colcon_core.plugin_system:Skipping extension 'colcon_notification.desktop_notification.terminal_notifier': Not used on non-Darwin systems
[1.850s] INFO:colcon.colcon_core.plugin_system:Skipping extension 'colcon_notification.desktop_notification.win32': Not used on non-Windows systems
[1.850s] INFO:colcon.colcon_notification.desktop_notification:Sending desktop notification using 'notify2'
[1.850s] DEBUG:colcon.colcon_notification.desktop_notification.notify2:Failed to initialize notify2: org.freedesktop.DBus.Error.FileNotFound: Failed to connect to socket /run/user/1000/bus: No such file or directory
[1.850s] DEBUG:colcon.colcon_core.event_reactor:joined thread
[1.851s] INFO:colcon.colcon_core.shell:Creating prefix script '/home/root2/turtlebot3_ws/install/local_setup.ps1'
[1.852s] INFO:colcon.colcon_core.shell:Creating prefix util module '/home/root2/turtlebot3_ws/install/_local_setup_util_ps1.py'
[1.853s] INFO:colcon.colcon_core.shell:Creating prefix chain script '/home/root2/turtlebot3_ws/install/setup.ps1'
[1.854s] INFO:colcon.colcon_core.shell:Creating prefix script '/home/root2/turtlebot3_ws/install/local_setup.sh'
[1.854s] INFO:colcon.colcon_core.shell:Creating prefix util module '/home/root2/turtlebot3_ws/install/_local_setup_util_sh.py'
[1.855s] INFO:colcon.colcon_core.shell:Creating prefix chain script '/home/root2/turtlebot3_ws/install/setup.sh'
[1.855s] INFO:colcon.colcon_core.shell:Creating prefix script '/home/root2/turtlebot3_ws/install/local_setup.bash'
[1.856s] INFO:colcon.colcon_core.shell:Creating prefix chain script '/home/root2/turtlebot3_ws/install/setup.bash'
[1.857s] INFO:colcon.colcon_core.shell:Creating prefix script '/home/root2/turtlebot3_ws/install/local_setup.zsh'
[1.857s] INFO:colcon.colcon_core.shell:Creating prefix chain script '/home/root2/turtlebot3_ws/install/setup.zsh'
