[0.170s] DEBUG:colcon:Command line arguments: ['/usr/bin/colcon', 'build']
[0.170s] DEBUG:colcon:Parsed command line arguments: Namespace(log_base=None, log_level=None, verb_name='build', build_base='build', install_base='install', merge_install=False, symlink_install=False, test_result_base=None, continue_on_error=False, executor='parallel', parallel_workers=12, event_handlers=None, ignore_user_meta=False, metas=['./colcon.meta'], base_paths=['.'], packages_ignore=None, packages_ignore_regex=None, paths=None, packages_up_to=None, packages_up_to_regex=None, packages_above=None, packages_above_and_dependencies=None, packages_above_depth=None, packages_select_by_dep=None, packages_skip_by_dep=None, packages_skip_up_to=None, packages_select_build_failed=False, packages_skip_build_finished=False, packages_select_test_failures=False, packages_skip_test_passed=False, packages_select=None, packages_skip=None, packages_select_regex=None, packages_skip_regex=None, packages_start=None, packages_end=None, allow_overriding=[], cmake_args=None, cmake_target=None, cmake_target_skip_unavailable=False, cmake_clean_cache=False, cmake_clean_first=False, cmake_force_configure=False, ament_cmake_args=None, catkin_cmake_args=None, catkin_skip_building_tests=False, mixin_files=None, mixin=None, verb_parser=<colcon_mixin.mixin.mixin_argument.MixinArgumentDecorator object at 0x7f5706b8a800>, verb_extension=<colcon_core.verb.build.BuildVerb object at 0x7f5706b8a260>, main=<bound method BuildVerb.main of <colcon_core.verb.build.BuildVerb object at 0x7f5706b8a260>>, mixin_verb=('build',))
[0.258s] Level 1:colcon.colcon_core.package_discovery:discover_packages(colcon_meta) check parameters
[0.258s] Level 1:colcon.colcon_core.package_discovery:discover_packages(recursive) check parameters
[0.258s] Level 1:colcon.colcon_core.package_discovery:discover_packages(ignore) check parameters
[0.258s] Level 1:colcon.colcon_core.package_discovery:discover_packages(path) check parameters
[0.258s] Level 1:colcon.colcon_core.package_discovery:discover_packages(colcon_meta) discover
[0.258s] Level 1:colcon.colcon_core.package_discovery:discover_packages(recursive) discover
[0.258s] INFO:colcon.colcon_core.package_discovery:Crawling recursively for packages in '/home/root2/turtlebot3_ws'
[0.258s] Level 1:colcon.colcon_core.package_identification:_identify(.) by extensions ['ignore', 'ignore_ament_install']
[0.259s] Level 1:colcon.colcon_core.package_identification:_identify(.) by extension 'ignore'
[0.259s] Level 1:colcon.colcon_core.package_identification:_identify(.) by extension 'ignore_ament_install'
[0.259s] Level 1:colcon.colcon_core.package_identification:_identify(.) by extensions ['colcon_pkg']
[0.259s] Level 1:colcon.colcon_core.package_identification:_identify(.) by extension 'colcon_pkg'
[0.259s] Level 1:colcon.colcon_core.package_identification:_identify(.) by extensions ['colcon_meta']
[0.259s] Level 1:colcon.colcon_core.package_identification:_identify(.) by extension 'colcon_meta'
[0.259s] Level 1:colcon.colcon_core.package_identification:_identify(.) by extensions ['ros']
[0.259s] Level 1:colcon.colcon_core.package_identification:_identify(.) by extension 'ros'
[0.266s] Level 1:colcon.colcon_core.package_identification:_identify(.) by extensions ['cmake', 'python']
[0.266s] Level 1:colcon.colcon_core.package_identification:_identify(.) by extension 'cmake'
[0.266s] Level 1:colcon.colcon_core.package_identification:_identify(.) by extension 'python'
[0.266s] Level 1:colcon.colcon_core.package_identification:_identify(.) by extensions ['python_setup_py']
[0.266s] Level 1:colcon.colcon_core.package_identification:_identify(.) by extension 'python_setup_py'
[0.266s] Level 1:colcon.colcon_core.package_identification:_identify(build) by extensions ['ignore', 'ignore_ament_install']
[0.266s] Level 1:colcon.colcon_core.package_identification:_identify(build) by extension 'ignore'
[0.266s] Level 1:colcon.colcon_core.package_identification:_identify(build) ignored
[0.266s] Level 1:colcon.colcon_core.package_identification:_identify(install) by extensions ['ignore', 'ignore_ament_install']
[0.266s] Level 1:colcon.colcon_core.package_identification:_identify(install) by extension 'ignore'
[0.266s] Level 1:colcon.colcon_core.package_identification:_identify(install) ignored
[0.267s] Level 1:colcon.colcon_core.package_identification:_identify(log) by extensions ['ignore', 'ignore_ament_install']
[0.267s] Level 1:colcon.colcon_core.package_identification:_identify(log) by extension 'ignore'
[0.267s] Level 1:colcon.colcon_core.package_identification:_identify(log) ignored
[0.267s] Level 1:colcon.colcon_core.package_identification:_identify(result) by extensions ['ignore', 'ignore_ament_install']
[0.267s] Level 1:colcon.colcon_core.package_identification:_identify(result) by extension 'ignore'
[0.267s] Level 1:colcon.colcon_core.package_identification:_identify(result) by extension 'ignore_ament_install'
[0.267s] Level 1:colcon.colcon_core.package_identification:_identify(result) by extensions ['colcon_pkg']
[0.267s] Level 1:colcon.colcon_core.package_identification:_identify(result) by extension 'colcon_pkg'
[0.267s] Level 1:colcon.colcon_core.package_identification:_identify(result) by extensions ['colcon_meta']
[0.267s] Level 1:colcon.colcon_core.package_identification:_identify(result) by extension 'colcon_meta'
[0.267s] Level 1:colcon.colcon_core.package_identification:_identify(result) by extensions ['ros']
[0.267s] Level 1:colcon.colcon_core.package_identification:_identify(result) by extension 'ros'
[0.267s] Level 1:colcon.colcon_core.package_identification:_identify(result) by extensions ['cmake', 'python']
[0.267s] Level 1:colcon.colcon_core.package_identification:_identify(result) by extension 'cmake'
[0.267s] Level 1:colcon.colcon_core.package_identification:_identify(result) by extension 'python'
[0.267s] Level 1:colcon.colcon_core.package_identification:_identify(result) by extensions ['python_setup_py']
[0.267s] Level 1:colcon.colcon_core.package_identification:_identify(result) by extension 'python_setup_py'
[0.267s] Level 1:colcon.colcon_core.package_identification:_identify(src) by extensions ['ignore', 'ignore_ament_install']
[0.267s] Level 1:colcon.colcon_core.package_identification:_identify(src) by extension 'ignore'
[0.267s] Level 1:colcon.colcon_core.package_identification:_identify(src) by extension 'ignore_ament_install'
[0.267s] Level 1:colcon.colcon_core.package_identification:_identify(src) by extensions ['colcon_pkg']
[0.268s] Level 1:colcon.colcon_core.package_identification:_identify(src) by extension 'colcon_pkg'
[0.268s] Level 1:colcon.colcon_core.package_identification:_identify(src) by extensions ['colcon_meta']
[0.268s] Level 1:colcon.colcon_core.package_identification:_identify(src) by extension 'colcon_meta'
[0.268s] Level 1:colcon.colcon_core.package_identification:_identify(src) by extensions ['ros']
[0.268s] Level 1:colcon.colcon_core.package_identification:_identify(src) by extension 'ros'
[0.268s] Level 1:colcon.colcon_core.package_identification:_identify(src) by extensions ['cmake', 'python']
[0.268s] Level 1:colcon.colcon_core.package_identification:_identify(src) by extension 'cmake'
[0.268s] Level 1:colcon.colcon_core.package_identification:_identify(src) by extension 'python'
[0.268s] Level 1:colcon.colcon_core.package_identification:_identify(src) by extensions ['python_setup_py']
[0.268s] Level 1:colcon.colcon_core.package_identification:_identify(src) by extension 'python_setup_py'
[0.268s] Level 1:colcon.colcon_core.package_identification:_identify(src/turtlebot3) by extensions ['ignore', 'ignore_ament_install']
[0.268s] Level 1:colcon.colcon_core.package_identification:_identify(src/turtlebot3) by extension 'ignore'
[0.268s] Level 1:colcon.colcon_core.package_identification:_identify(src/turtlebot3) by extension 'ignore_ament_install'
[0.268s] Level 1:colcon.colcon_core.package_identification:_identify(src/turtlebot3) by extensions ['colcon_pkg']
[0.268s] Level 1:colcon.colcon_core.package_identification:_identify(src/turtlebot3) by extension 'colcon_pkg'
[0.268s] Level 1:colcon.colcon_core.package_identification:_identify(src/turtlebot3) by extensions ['colcon_meta']
[0.268s] Level 1:colcon.colcon_core.package_identification:_identify(src/turtlebot3) by extension 'colcon_meta'
[0.268s] Level 1:colcon.colcon_core.package_identification:_identify(src/turtlebot3) by extensions ['ros']
[0.268s] Level 1:colcon.colcon_core.package_identification:_identify(src/turtlebot3) by extension 'ros'
[0.268s] Level 1:colcon.colcon_core.package_identification:_identify(src/turtlebot3) by extensions ['cmake', 'python']
[0.268s] Level 1:colcon.colcon_core.package_identification:_identify(src/turtlebot3) by extension 'cmake'
[0.268s] Level 1:colcon.colcon_core.package_identification:_identify(src/turtlebot3) by extension 'python'
[0.268s] Level 1:colcon.colcon_core.package_identification:_identify(src/turtlebot3) by extensions ['python_setup_py']
[0.268s] Level 1:colcon.colcon_core.package_identification:_identify(src/turtlebot3) by extension 'python_setup_py'
[0.268s] Level 1:colcon.colcon_core.package_identification:_identify(src/turtlebot3/turtlebot3) by extensions ['ignore', 'ignore_ament_install']
[0.268s] Level 1:colcon.colcon_core.package_identification:_identify(src/turtlebot3/turtlebot3) by extension 'ignore'
[0.268s] Level 1:colcon.colcon_core.package_identification:_identify(src/turtlebot3/turtlebot3) by extension 'ignore_ament_install'
[0.268s] Level 1:colcon.colcon_core.package_identification:_identify(src/turtlebot3/turtlebot3) by extensions ['colcon_pkg']
[0.268s] Level 1:colcon.colcon_core.package_identification:_identify(src/turtlebot3/turtlebot3) by extension 'colcon_pkg'
[0.268s] Level 1:colcon.colcon_core.package_identification:_identify(src/turtlebot3/turtlebot3) by extensions ['colcon_meta']
[0.268s] Level 1:colcon.colcon_core.package_identification:_identify(src/turtlebot3/turtlebot3) by extension 'colcon_meta'
[0.268s] Level 1:colcon.colcon_core.package_identification:_identify(src/turtlebot3/turtlebot3) by extensions ['ros']
[0.268s] Level 1:colcon.colcon_core.package_identification:_identify(src/turtlebot3/turtlebot3) by extension 'ros'
[0.270s] DEBUG:colcon.colcon_core.package_identification:Package 'src/turtlebot3/turtlebot3' with type 'ros.ament_cmake' and name 'turtlebot3'
[0.270s] Level 1:colcon.colcon_core.package_identification:_identify(src/turtlebot3/turtlebot3_teleop) by extensions ['ignore', 'ignore_ament_install']
[0.270s] Level 1:colcon.colcon_core.package_identification:_identify(src/turtlebot3/turtlebot3_teleop) by extension 'ignore'
[0.270s] Level 1:colcon.colcon_core.package_identification:_identify(src/turtlebot3/turtlebot3_teleop) by extension 'ignore_ament_install'
[0.270s] Level 1:colcon.colcon_core.package_identification:_identify(src/turtlebot3/turtlebot3_teleop) by extensions ['colcon_pkg']
[0.270s] Level 1:colcon.colcon_core.package_identification:_identify(src/turtlebot3/turtlebot3_teleop) by extension 'colcon_pkg'
[0.270s] Level 1:colcon.colcon_core.package_identification:_identify(src/turtlebot3/turtlebot3_teleop) by extensions ['colcon_meta']
[0.270s] Level 1:colcon.colcon_core.package_identification:_identify(src/turtlebot3/turtlebot3_teleop) by extension 'colcon_meta'
[0.270s] Level 1:colcon.colcon_core.package_identification:_identify(src/turtlebot3/turtlebot3_teleop) by extensions ['ros']
[0.270s] Level 1:colcon.colcon_core.package_identification:_identify(src/turtlebot3/turtlebot3_teleop) by extension 'ros'
[0.270s] DEBUG:colcon.colcon_core.package_identification:Package 'src/turtlebot3/turtlebot3_teleop' with type 'ros.ament_python' and name 'turtlebot3_teleop'
[0.270s] Level 1:colcon.colcon_core.package_identification:_identify(src/turtlebot3_cmd) by extensions ['ignore', 'ignore_ament_install']
[0.271s] Level 1:colcon.colcon_core.package_identification:_identify(src/turtlebot3_cmd) by extension 'ignore'
[0.271s] Level 1:colcon.colcon_core.package_identification:_identify(src/turtlebot3_cmd) by extension 'ignore_ament_install'
[0.271s] Level 1:colcon.colcon_core.package_identification:_identify(src/turtlebot3_cmd) by extensions ['colcon_pkg']
[0.271s] Level 1:colcon.colcon_core.package_identification:_identify(src/turtlebot3_cmd) by extension 'colcon_pkg'
[0.271s] Level 1:colcon.colcon_core.package_identification:_identify(src/turtlebot3_cmd) by extensions ['colcon_meta']
[0.271s] Level 1:colcon.colcon_core.package_identification:_identify(src/turtlebot3_cmd) by extension 'colcon_meta'
[0.271s] Level 1:colcon.colcon_core.package_identification:_identify(src/turtlebot3_cmd) by extensions ['ros']
[0.271s] Level 1:colcon.colcon_core.package_identification:_identify(src/turtlebot3_cmd) by extension 'ros'
[0.271s] DEBUG:colcon.colcon_core.package_identification:Package 'src/turtlebot3_cmd' with type 'ros.ament_python' and name 'turtlebot3_cmd'
[0.271s] Level 1:colcon.colcon_core.package_discovery:discover_packages(recursive) using defaults
[0.271s] Level 1:colcon.colcon_core.package_discovery:discover_packages(ignore) discover
[0.271s] Level 1:colcon.colcon_core.package_discovery:discover_packages(ignore) using defaults
[0.271s] Level 1:colcon.colcon_core.package_discovery:discover_packages(path) discover
[0.271s] Level 1:colcon.colcon_core.package_discovery:discover_packages(path) using defaults
[0.290s] Level 1:colcon.colcon_core.package_discovery:discover_packages(prefix_path) check parameters
[0.290s] Level 1:colcon.colcon_core.package_discovery:discover_packages(prefix_path) discover
[0.291s] DEBUG:colcon.colcon_installed_package_information.package_discovery:Found 3 installed packages in /home/root2/turtlebot3_ws/install
[0.292s] DEBUG:colcon.colcon_installed_package_information.package_discovery:Found 270 installed packages in /opt/ros/humble
[0.293s] Level 1:colcon.colcon_core.package_discovery:discover_packages(prefix_path) using defaults
[0.311s] Level 5:colcon.colcon_core.verb:set package 'turtlebot3_cmd' build argument 'cmake_args' from command line to 'None'
[0.311s] Level 5:colcon.colcon_core.verb:set package 'turtlebot3_cmd' build argument 'cmake_target' from command line to 'None'
[0.311s] Level 5:colcon.colcon_core.verb:set package 'turtlebot3_cmd' build argument 'cmake_target_skip_unavailable' from command line to 'False'
[0.311s] Level 5:colcon.colcon_core.verb:set package 'turtlebot3_cmd' build argument 'cmake_clean_cache' from command line to 'False'
[0.311s] Level 5:colcon.colcon_core.verb:set package 'turtlebot3_cmd' build argument 'cmake_clean_first' from command line to 'False'
[0.311s] Level 5:colcon.colcon_core.verb:set package 'turtlebot3_cmd' build argument 'cmake_force_configure' from command line to 'False'
[0.312s] Level 5:colcon.colcon_core.verb:set package 'turtlebot3_cmd' build argument 'ament_cmake_args' from command line to 'None'
[0.312s] Level 5:colcon.colcon_core.verb:set package 'turtlebot3_cmd' build argument 'catkin_cmake_args' from command line to 'None'
[0.312s] Level 5:colcon.colcon_core.verb:set package 'turtlebot3_cmd' build argument 'catkin_skip_building_tests' from command line to 'False'
[0.312s] DEBUG:colcon.colcon_core.verb:Building package 'turtlebot3_cmd' with the following arguments: {'ament_cmake_args': None, 'build_base': '/home/root2/turtlebot3_ws/build/turtlebot3_cmd', 'catkin_cmake_args': None, 'catkin_skip_building_tests': False, 'cmake_args': None, 'cmake_clean_cache': False, 'cmake_clean_first': False, 'cmake_force_configure': False, 'cmake_target': None, 'cmake_target_skip_unavailable': False, 'install_base': '/home/root2/turtlebot3_ws/install/turtlebot3_cmd', 'merge_install': False, 'path': '/home/root2/turtlebot3_ws/src/turtlebot3_cmd', 'symlink_install': False, 'test_result_base': None}
[0.312s] Level 5:colcon.colcon_core.verb:set package 'turtlebot3_teleop' build argument 'cmake_args' from command line to 'None'
[0.312s] Level 5:colcon.colcon_core.verb:set package 'turtlebot3_teleop' build argument 'cmake_target' from command line to 'None'
[0.312s] Level 5:colcon.colcon_core.verb:set package 'turtlebot3_teleop' build argument 'cmake_target_skip_unavailable' from command line to 'False'
[0.312s] Level 5:colcon.colcon_core.verb:set package 'turtlebot3_teleop' build argument 'cmake_clean_cache' from command line to 'False'
[0.312s] Level 5:colcon.colcon_core.verb:set package 'turtlebot3_teleop' build argument 'cmake_clean_first' from command line to 'False'
[0.312s] Level 5:colcon.colcon_core.verb:set package 'turtlebot3_teleop' build argument 'cmake_force_configure' from command line to 'False'
[0.312s] Level 5:colcon.colcon_core.verb:set package 'turtlebot3_teleop' build argument 'ament_cmake_args' from command line to 'None'
[0.312s] Level 5:colcon.colcon_core.verb:set package 'turtlebot3_teleop' build argument 'catkin_cmake_args' from command line to 'None'
[0.312s] Level 5:colcon.colcon_core.verb:set package 'turtlebot3_teleop' build argument 'catkin_skip_building_tests' from command line to 'False'
[0.312s] DEBUG:colcon.colcon_core.verb:Building package 'turtlebot3_teleop' with the following arguments: {'ament_cmake_args': None, 'build_base': '/home/root2/turtlebot3_ws/build/turtlebot3_teleop', 'catkin_cmake_args': None, 'catkin_skip_building_tests': False, 'cmake_args': None, 'cmake_clean_cache': False, 'cmake_clean_first': False, 'cmake_force_configure': False, 'cmake_target': None, 'cmake_target_skip_unavailable': False, 'install_base': '/home/root2/turtlebot3_ws/install/turtlebot3_teleop', 'merge_install': False, 'path': '/home/root2/turtlebot3_ws/src/turtlebot3/turtlebot3_teleop', 'symlink_install': False, 'test_result_base': None}
[0.312s] Level 5:colcon.colcon_core.verb:set package 'turtlebot3' build argument 'cmake_args' from command line to 'None'
[0.312s] Level 5:colcon.colcon_core.verb:set package 'turtlebot3' build argument 'cmake_target' from command line to 'None'
[0.312s] Level 5:colcon.colcon_core.verb:set package 'turtlebot3' build argument 'cmake_target_skip_unavailable' from command line to 'False'
[0.312s] Level 5:colcon.colcon_core.verb:set package 'turtlebot3' build argument 'cmake_clean_cache' from command line to 'False'
[0.312s] Level 5:colcon.colcon_core.verb:set package 'turtlebot3' build argument 'cmake_clean_first' from command line to 'False'
[0.312s] Level 5:colcon.colcon_core.verb:set package 'turtlebot3' build argument 'cmake_force_configure' from command line to 'False'
[0.312s] Level 5:colcon.colcon_core.verb:set package 'turtlebot3' build argument 'ament_cmake_args' from command line to 'None'
[0.312s] Level 5:colcon.colcon_core.verb:set package 'turtlebot3' build argument 'catkin_cmake_args' from command line to 'None'
[0.312s] Level 5:colcon.colcon_core.verb:set package 'turtlebot3' build argument 'catkin_skip_building_tests' from command line to 'False'
[0.312s] DEBUG:colcon.colcon_core.verb:Building package 'turtlebot3' with the following arguments: {'ament_cmake_args': None, 'build_base': '/home/root2/turtlebot3_ws/build/turtlebot3', 'catkin_cmake_args': None, 'catkin_skip_building_tests': False, 'cmake_args': None, 'cmake_clean_cache': False, 'cmake_clean_first': False, 'cmake_force_configure': False, 'cmake_target': None, 'cmake_target_skip_unavailable': False, 'install_base': '/home/root2/turtlebot3_ws/install/turtlebot3', 'merge_install': False, 'path': '/home/root2/turtlebot3_ws/src/turtlebot3/turtlebot3', 'symlink_install': False, 'test_result_base': None}
[0.312s] INFO:colcon.colcon_core.executor:Executing jobs using 'parallel' executor
[0.313s] DEBUG:colcon.colcon_parallel_executor.executor.parallel:run_until_complete
[0.313s] INFO:colcon.colcon_ros.task.ament_python.build:Building ROS package in '/home/root2/turtlebot3_ws/src/turtlebot3/turtlebot3_teleop' with build type 'ament_python'
[0.314s] Level 1:colcon.colcon_core.shell:create_environment_hook('turtlebot3_teleop', 'ament_prefix_path')
[0.315s] INFO:colcon.colcon_core.plugin_system:Skipping extension 'colcon_core.shell.bat': Not used on non-Windows systems
[0.315s] INFO:colcon.colcon_core.shell:Creating environment hook '/home/root2/turtlebot3_ws/install/turtlebot3_teleop/share/turtlebot3_teleop/hook/ament_prefix_path.ps1'
[0.315s] INFO:colcon.colcon_core.shell:Creating environment descriptor '/home/root2/turtlebot3_ws/install/turtlebot3_teleop/share/turtlebot3_teleop/hook/ament_prefix_path.dsv'
[0.316s] INFO:colcon.colcon_core.shell:Creating environment hook '/home/root2/turtlebot3_ws/install/turtlebot3_teleop/share/turtlebot3_teleop/hook/ament_prefix_path.sh'
[0.316s] INFO:colcon.colcon_core.shell:Skip shell extension 'powershell' for command environment: Not usable outside of PowerShell
[0.316s] DEBUG:colcon.colcon_core.shell:Skip shell extension 'dsv' for command environment
[0.318s] INFO:colcon.colcon_ros.task.ament_python.build:Building ROS package in '/home/root2/turtlebot3_ws/src/turtlebot3_cmd' with build type 'ament_python'
[0.318s] Level 1:colcon.colcon_core.shell:create_environment_hook('turtlebot3_cmd', 'ament_prefix_path')
[0.318s] INFO:colcon.colcon_core.shell:Creating environment hook '/home/root2/turtlebot3_ws/install/turtlebot3_cmd/share/turtlebot3_cmd/hook/ament_prefix_path.ps1'
[0.319s] INFO:colcon.colcon_core.shell:Creating environment descriptor '/home/root2/turtlebot3_ws/install/turtlebot3_cmd/share/turtlebot3_cmd/hook/ament_prefix_path.dsv'
[0.319s] INFO:colcon.colcon_core.shell:Creating environment hook '/home/root2/turtlebot3_ws/install/turtlebot3_cmd/share/turtlebot3_cmd/hook/ament_prefix_path.sh'
[0.319s] INFO:colcon.colcon_core.shell:Skip shell extension 'powershell' for command environment: Not usable outside of PowerShell
[0.320s] DEBUG:colcon.colcon_core.shell:Skip shell extension 'dsv' for command environment
[0.479s] INFO:colcon.colcon_core.task.python.build:Building Python package in '/home/root2/turtlebot3_ws/src/turtlebot3/turtlebot3_teleop'
[0.479s] INFO:colcon.colcon_core.shell:Skip shell extension 'powershell' for command environment: Not usable outside of PowerShell
[0.479s] DEBUG:colcon.colcon_core.shell:Skip shell extension 'dsv' for command environment
[0.625s] INFO:colcon.colcon_core.task.python.build:Building Python package in '/home/root2/turtlebot3_ws/src/turtlebot3_cmd'
[0.626s] INFO:colcon.colcon_core.shell:Skip shell extension 'powershell' for command environment: Not usable outside of PowerShell
[0.626s] DEBUG:colcon.colcon_core.shell:Skip shell extension 'dsv' for command environment
[0.891s] DEBUG:colcon.colcon_core.event_handler.log_command:Invoking command in '/home/root2/turtlebot3_ws/src/turtlebot3_cmd': PYTHONPATH=/home/root2/turtlebot3_ws/build/turtlebot3_cmd/prefix_override:/usr/lib/python3/dist-packages/colcon_core/task/python/colcon_distutils_commands:/home/root2/turtlebot3_ws/install/turtlebot3_cmd/lib/python3.10/site-packages:${PYTHONPATH} /usr/bin/python3 -W ignore:setup.py install is deprecated -W ignore:easy_install command is deprecated setup.py egg_info --egg-base ../../build/turtlebot3_cmd build --build-base /home/root2/turtlebot3_ws/build/turtlebot3_cmd/build install --record /home/root2/turtlebot3_ws/build/turtlebot3_cmd/install.log --single-version-externally-managed install_data
[0.896s] DEBUG:colcon.colcon_core.event_handler.log_command:Invoking command in '/home/root2/turtlebot3_ws/src/turtlebot3/turtlebot3_teleop': PYTHONPATH=/home/root2/turtlebot3_ws/build/turtlebot3_teleop/prefix_override:/usr/lib/python3/dist-packages/colcon_core/task/python/colcon_distutils_commands:/home/root2/turtlebot3_ws/install/turtlebot3_teleop/lib/python3.10/site-packages:${PYTHONPATH} /usr/bin/python3 -W ignore:setup.py install is deprecated -W ignore:easy_install command is deprecated setup.py egg_info --egg-base ../../../build/turtlebot3_teleop build --build-base /home/root2/turtlebot3_ws/build/turtlebot3_teleop/build install --record /home/root2/turtlebot3_ws/build/turtlebot3_teleop/install.log --single-version-externally-managed install_data
[1.090s] DEBUG:colcon.colcon_core.event_handler.log_command:Invoked command in '/home/root2/turtlebot3_ws/src/turtlebot3_cmd' returned '0': PYTHONPATH=/home/root2/turtlebot3_ws/build/turtlebot3_cmd/prefix_override:/usr/lib/python3/dist-packages/colcon_core/task/python/colcon_distutils_commands:/home/root2/turtlebot3_ws/install/turtlebot3_cmd/lib/python3.10/site-packages:${PYTHONPATH} /usr/bin/python3 -W ignore:setup.py install is deprecated -W ignore:easy_install command is deprecated setup.py egg_info --egg-base ../../build/turtlebot3_cmd build --build-base /home/root2/turtlebot3_ws/build/turtlebot3_cmd/build install --record /home/root2/turtlebot3_ws/build/turtlebot3_cmd/install.log --single-version-externally-managed install_data
[1.092s] Level 1:colcon.colcon_core.environment:checking '/home/root2/turtlebot3_ws/install/turtlebot3_cmd' for CMake module files
[1.092s] Level 1:colcon.colcon_core.environment:checking '/home/root2/turtlebot3_ws/install/turtlebot3_cmd' for CMake config files
[1.092s] Level 1:colcon.colcon_core.environment:checking '/home/root2/turtlebot3_ws/install/turtlebot3_cmd/lib'
[1.093s] Level 1:colcon.colcon_core.environment:checking '/home/root2/turtlebot3_ws/install/turtlebot3_cmd/bin'
[1.093s] Level 1:colcon.colcon_core.environment:checking '/home/root2/turtlebot3_ws/install/turtlebot3_cmd/lib/pkgconfig/turtlebot3_cmd.pc'
[1.093s] Level 1:colcon.colcon_core.environment:checking '/home/root2/turtlebot3_ws/install/turtlebot3_cmd/lib/python3.10/site-packages'
[1.093s] Level 1:colcon.colcon_core.shell:create_environment_hook('turtlebot3_cmd', 'pythonpath')
[1.093s] INFO:colcon.colcon_core.shell:Creating environment hook '/home/root2/turtlebot3_ws/install/turtlebot3_cmd/share/turtlebot3_cmd/hook/pythonpath.ps1'
[1.093s] INFO:colcon.colcon_core.shell:Creating environment descriptor '/home/root2/turtlebot3_ws/install/turtlebot3_cmd/share/turtlebot3_cmd/hook/pythonpath.dsv'
[1.094s] INFO:colcon.colcon_core.shell:Creating environment hook '/home/root2/turtlebot3_ws/install/turtlebot3_cmd/share/turtlebot3_cmd/hook/pythonpath.sh'
[1.094s] Level 1:colcon.colcon_core.environment:checking '/home/root2/turtlebot3_ws/install/turtlebot3_cmd/bin'
[1.094s] Level 1:colcon.colcon_core.environment:create_environment_scripts_only(turtlebot3_cmd)
[1.094s] INFO:colcon.colcon_core.shell:Creating package script '/home/root2/turtlebot3_ws/install/turtlebot3_cmd/share/turtlebot3_cmd/package.ps1'
[1.095s] INFO:colcon.colcon_core.shell:Creating package descriptor '/home/root2/turtlebot3_ws/install/turtlebot3_cmd/share/turtlebot3_cmd/package.dsv'
[1.095s] INFO:colcon.colcon_core.shell:Creating package script '/home/root2/turtlebot3_ws/install/turtlebot3_cmd/share/turtlebot3_cmd/package.sh'
[1.096s] INFO:colcon.colcon_core.shell:Creating package script '/home/root2/turtlebot3_ws/install/turtlebot3_cmd/share/turtlebot3_cmd/package.bash'
[1.096s] INFO:colcon.colcon_core.shell:Creating package script '/home/root2/turtlebot3_ws/install/turtlebot3_cmd/share/turtlebot3_cmd/package.zsh'
[1.097s] Level 1:colcon.colcon_core.environment:create_file_with_runtime_dependencies(/home/root2/turtlebot3_ws/install/turtlebot3_cmd/share/colcon-core/packages/turtlebot3_cmd)
[1.098s] Level 1:colcon.colcon_core.environment:checking '/home/root2/turtlebot3_ws/install/turtlebot3_teleop' for CMake module files
[1.099s] Level 1:colcon.colcon_core.environment:checking '/home/root2/turtlebot3_ws/install/turtlebot3_teleop' for CMake config files
[1.099s] DEBUG:colcon.colcon_core.event_handler.log_command:Invoked command in '/home/root2/turtlebot3_ws/src/turtlebot3/turtlebot3_teleop' returned '0': PYTHONPATH=/home/root2/turtlebot3_ws/build/turtlebot3_teleop/prefix_override:/usr/lib/python3/dist-packages/colcon_core/task/python/colcon_distutils_commands:/home/root2/turtlebot3_ws/install/turtlebot3_teleop/lib/python3.10/site-packages:${PYTHONPATH} /usr/bin/python3 -W ignore:setup.py install is deprecated -W ignore:easy_install command is deprecated setup.py egg_info --egg-base ../../../build/turtlebot3_teleop build --build-base /home/root2/turtlebot3_ws/build/turtlebot3_teleop/build install --record /home/root2/turtlebot3_ws/build/turtlebot3_teleop/install.log --single-version-externally-managed install_data
[1.100s] Level 1:colcon.colcon_core.environment:checking '/home/root2/turtlebot3_ws/install/turtlebot3_teleop/lib'
[1.100s] Level 1:colcon.colcon_core.environment:checking '/home/root2/turtlebot3_ws/install/turtlebot3_teleop/bin'
[1.100s] Level 1:colcon.colcon_core.environment:checking '/home/root2/turtlebot3_ws/install/turtlebot3_teleop/lib/pkgconfig/turtlebot3_teleop.pc'
[1.100s] Level 1:colcon.colcon_core.environment:checking '/home/root2/turtlebot3_ws/install/turtlebot3_teleop/lib/python3.10/site-packages'
[1.100s] Level 1:colcon.colcon_core.shell:create_environment_hook('turtlebot3_teleop', 'pythonpath')
[1.100s] INFO:colcon.colcon_core.shell:Creating environment hook '/home/root2/turtlebot3_ws/install/turtlebot3_teleop/share/turtlebot3_teleop/hook/pythonpath.ps1'
[1.101s] INFO:colcon.colcon_core.shell:Creating environment descriptor '/home/root2/turtlebot3_ws/install/turtlebot3_teleop/share/turtlebot3_teleop/hook/pythonpath.dsv'
[1.101s] INFO:colcon.colcon_core.shell:Creating environment hook '/home/root2/turtlebot3_ws/install/turtlebot3_teleop/share/turtlebot3_teleop/hook/pythonpath.sh'
[1.101s] Level 1:colcon.colcon_core.environment:checking '/home/root2/turtlebot3_ws/install/turtlebot3_teleop/bin'
[1.101s] Level 1:colcon.colcon_core.environment:create_environment_scripts_only(turtlebot3_teleop)
[1.101s] INFO:colcon.colcon_core.shell:Creating package script '/home/root2/turtlebot3_ws/install/turtlebot3_teleop/share/turtlebot3_teleop/package.ps1'
[1.102s] INFO:colcon.colcon_core.shell:Creating package descriptor '/home/root2/turtlebot3_ws/install/turtlebot3_teleop/share/turtlebot3_teleop/package.dsv'
[1.102s] INFO:colcon.colcon_core.shell:Creating package script '/home/root2/turtlebot3_ws/install/turtlebot3_teleop/share/turtlebot3_teleop/package.sh'
[1.102s] INFO:colcon.colcon_core.shell:Creating package script '/home/root2/turtlebot3_ws/install/turtlebot3_teleop/share/turtlebot3_teleop/package.bash'
[1.102s] INFO:colcon.colcon_core.shell:Creating package script '/home/root2/turtlebot3_ws/install/turtlebot3_teleop/share/turtlebot3_teleop/package.zsh'
[1.103s] Level 1:colcon.colcon_core.environment:create_file_with_runtime_dependencies(/home/root2/turtlebot3_ws/install/turtlebot3_teleop/share/colcon-core/packages/turtlebot3_teleop)
[1.103s] INFO:colcon.colcon_ros.task.ament_cmake.build:Building ROS package in '/home/root2/turtlebot3_ws/src/turtlebot3/turtlebot3' with build type 'ament_cmake'
[1.103s] INFO:colcon.colcon_cmake.task.cmake.build:Building CMake package in '/home/root2/turtlebot3_ws/src/turtlebot3/turtlebot3'
[1.103s] INFO:colcon.colcon_core.shell:Skip shell extension 'powershell' for command environment: Not usable outside of PowerShell
[1.104s] DEBUG:colcon.colcon_core.shell:Skip shell extension 'dsv' for command environment
[1.207s] DEBUG:colcon.colcon_core.event_handler.log_command:Invoking command in '/home/root2/turtlebot3_ws/build/turtlebot3': AMENT_PREFIX_PATH=/home/root2/turtlebot3_ws/install/turtlebot3_teleop:/home/root2/turtlebot3_ws/install/turtlebot3:/home/root2/turtlebot3_ws/install/turtlebot3_cmd:/opt/ros/humble CMAKE_PREFIX_PATH=${CMAKE_PREFIX_PATH}:/home/root2/turtlebot3_ws/install/turtlebot3_teleop:/home/root2/turtlebot3_ws/install/turtlebot3_cmd:/opt/ros/humble /usr/bin/cmake --build /home/root2/turtlebot3_ws/build/turtlebot3 -- -j12 -l12
[1.225s] DEBUG:colcon.colcon_core.event_handler.log_command:Invoked command in '/home/root2/turtlebot3_ws/build/turtlebot3' returned '0': AMENT_PREFIX_PATH=/home/root2/turtlebot3_ws/install/turtlebot3_teleop:/home/root2/turtlebot3_ws/install/turtlebot3:/home/root2/turtlebot3_ws/install/turtlebot3_cmd:/opt/ros/humble CMAKE_PREFIX_PATH=${CMAKE_PREFIX_PATH}:/home/root2/turtlebot3_ws/install/turtlebot3_teleop:/home/root2/turtlebot3_ws/install/turtlebot3_cmd:/opt/ros/humble /usr/bin/cmake --build /home/root2/turtlebot3_ws/build/turtlebot3 -- -j12 -l12
[1.234s] DEBUG:colcon.colcon_core.event_handler.log_command:Invoking command in '/home/root2/turtlebot3_ws/build/turtlebot3': AMENT_PREFIX_PATH=/home/root2/turtlebot3_ws/install/turtlebot3_teleop:/home/root2/turtlebot3_ws/install/turtlebot3:/home/root2/turtlebot3_ws/install/turtlebot3_cmd:/opt/ros/humble CMAKE_PREFIX_PATH=${CMAKE_PREFIX_PATH}:/home/root2/turtlebot3_ws/install/turtlebot3_teleop:/home/root2/turtlebot3_ws/install/turtlebot3_cmd:/opt/ros/humble /usr/bin/cmake --install /home/root2/turtlebot3_ws/build/turtlebot3
[1.246s] Level 1:colcon.colcon_core.environment:create_environment_scripts_only(turtlebot3)
[1.246s] Level 1:colcon.colcon_core.environment:checking '/home/root2/turtlebot3_ws/install/turtlebot3' for CMake module files
[1.247s] DEBUG:colcon.colcon_core.event_handler.log_command:Invoked command in '/home/root2/turtlebot3_ws/build/turtlebot3' returned '0': AMENT_PREFIX_PATH=/home/root2/turtlebot3_ws/install/turtlebot3_teleop:/home/root2/turtlebot3_ws/install/turtlebot3:/home/root2/turtlebot3_ws/install/turtlebot3_cmd:/opt/ros/humble CMAKE_PREFIX_PATH=${CMAKE_PREFIX_PATH}:/home/root2/turtlebot3_ws/install/turtlebot3_teleop:/home/root2/turtlebot3_ws/install/turtlebot3_cmd:/opt/ros/humble /usr/bin/cmake --install /home/root2/turtlebot3_ws/build/turtlebot3
[1.247s] Level 1:colcon.colcon_core.environment:checking '/home/root2/turtlebot3_ws/install/turtlebot3' for CMake config files
[1.248s] Level 1:colcon.colcon_core.shell:create_environment_hook('turtlebot3', 'cmake_prefix_path')
[1.248s] INFO:colcon.colcon_core.shell:Creating environment hook '/home/root2/turtlebot3_ws/install/turtlebot3/share/turtlebot3/hook/cmake_prefix_path.ps1'
[1.248s] INFO:colcon.colcon_core.shell:Creating environment descriptor '/home/root2/turtlebot3_ws/install/turtlebot3/share/turtlebot3/hook/cmake_prefix_path.dsv'
[1.249s] INFO:colcon.colcon_core.shell:Creating environment hook '/home/root2/turtlebot3_ws/install/turtlebot3/share/turtlebot3/hook/cmake_prefix_path.sh'
[1.249s] Level 1:colcon.colcon_core.environment:checking '/home/root2/turtlebot3_ws/install/turtlebot3/bin'
[1.249s] Level 1:colcon.colcon_core.environment:checking '/home/root2/turtlebot3_ws/install/turtlebot3/lib/pkgconfig/turtlebot3.pc'
[1.249s] Level 1:colcon.colcon_core.environment:checking '/home/root2/turtlebot3_ws/install/turtlebot3/lib/python3.10/site-packages'
[1.249s] Level 1:colcon.colcon_core.environment:checking '/home/root2/turtlebot3_ws/install/turtlebot3/bin'
[1.250s] INFO:colcon.colcon_core.shell:Creating package script '/home/root2/turtlebot3_ws/install/turtlebot3/share/turtlebot3/package.ps1'
[1.250s] INFO:colcon.colcon_core.shell:Creating package descriptor '/home/root2/turtlebot3_ws/install/turtlebot3/share/turtlebot3/package.dsv'
[1.250s] INFO:colcon.colcon_core.shell:Creating package script '/home/root2/turtlebot3_ws/install/turtlebot3/share/turtlebot3/package.sh'
[1.251s] INFO:colcon.colcon_core.shell:Creating package script '/home/root2/turtlebot3_ws/install/turtlebot3/share/turtlebot3/package.bash'
[1.251s] INFO:colcon.colcon_core.shell:Creating package script '/home/root2/turtlebot3_ws/install/turtlebot3/share/turtlebot3/package.zsh'
[1.252s] Level 1:colcon.colcon_core.environment:create_file_with_runtime_dependencies(/home/root2/turtlebot3_ws/install/turtlebot3/share/colcon-core/packages/turtlebot3)
[1.253s] Level 1:colcon.colcon_core.environment:create_environment_scripts_only(turtlebot3)
[1.254s] Level 1:colcon.colcon_core.environment:checking '/home/root2/turtlebot3_ws/install/turtlebot3' for CMake module files
[1.254s] Level 1:colcon.colcon_core.environment:checking '/home/root2/turtlebot3_ws/install/turtlebot3' for CMake config files
[1.254s] Level 1:colcon.colcon_core.shell:create_environment_hook('turtlebot3', 'cmake_prefix_path')
[1.254s] INFO:colcon.colcon_core.shell:Creating environment hook '/home/root2/turtlebot3_ws/install/turtlebot3/share/turtlebot3/hook/cmake_prefix_path.ps1'
[1.255s] INFO:colcon.colcon_core.shell:Creating environment descriptor '/home/root2/turtlebot3_ws/install/turtlebot3/share/turtlebot3/hook/cmake_prefix_path.dsv'
[1.255s] INFO:colcon.colcon_core.shell:Creating environment hook '/home/root2/turtlebot3_ws/install/turtlebot3/share/turtlebot3/hook/cmake_prefix_path.sh'
[1.255s] Level 1:colcon.colcon_core.environment:checking '/home/root2/turtlebot3_ws/install/turtlebot3/bin'
[1.256s] Level 1:colcon.colcon_core.environment:checking '/home/root2/turtlebot3_ws/install/turtlebot3/lib/pkgconfig/turtlebot3.pc'
[1.256s] Level 1:colcon.colcon_core.environment:checking '/home/root2/turtlebot3_ws/install/turtlebot3/lib/python3.10/site-packages'
[1.256s] Level 1:colcon.colcon_core.environment:checking '/home/root2/turtlebot3_ws/install/turtlebot3/bin'
[1.256s] INFO:colcon.colcon_core.shell:Creating package script '/home/root2/turtlebot3_ws/install/turtlebot3/share/turtlebot3/package.ps1'
[1.256s] INFO:colcon.colcon_core.shell:Creating package descriptor '/home/root2/turtlebot3_ws/install/turtlebot3/share/turtlebot3/package.dsv'
[1.257s] INFO:colcon.colcon_core.shell:Creating package script '/home/root2/turtlebot3_ws/install/turtlebot3/share/turtlebot3/package.sh'
[1.257s] INFO:colcon.colcon_core.shell:Creating package script '/home/root2/turtlebot3_ws/install/turtlebot3/share/turtlebot3/package.bash'
[1.257s] INFO:colcon.colcon_core.shell:Creating package script '/home/root2/turtlebot3_ws/install/turtlebot3/share/turtlebot3/package.zsh'
[1.257s] Level 1:colcon.colcon_core.environment:create_file_with_runtime_dependencies(/home/root2/turtlebot3_ws/install/turtlebot3/share/colcon-core/packages/turtlebot3)
[1.258s] DEBUG:colcon.colcon_parallel_executor.executor.parallel:closing loop
[1.258s] DEBUG:colcon.colcon_parallel_executor.executor.parallel:loop closed
[1.258s] DEBUG:colcon.colcon_parallel_executor.executor.parallel:run_until_complete finished with '0'
[1.258s] DEBUG:colcon.colcon_core.event_reactor:joining thread
[1.309s] INFO:colcon.colcon_core.plugin_system:Skipping extension 'colcon_notification.desktop_notification.notify_send': Could not find 'notify-send'
[1.309s] INFO:colcon.colcon_core.plugin_system:Skipping extension 'colcon_notification.desktop_notification.terminal_notifier': Not used on non-Darwin systems
[1.309s] INFO:colcon.colcon_core.plugin_system:Skipping extension 'colcon_notification.desktop_notification.win32': Not used on non-Windows systems
[1.309s] INFO:colcon.colcon_notification.desktop_notification:Sending desktop notification using 'notify2'
[1.309s] DEBUG:colcon.colcon_notification.desktop_notification.notify2:Failed to initialize notify2: org.freedesktop.DBus.Error.FileNotFound: Failed to connect to socket /run/user/1000/bus: No such file or directory
[1.309s] DEBUG:colcon.colcon_core.event_reactor:joined thread
[1.310s] INFO:colcon.colcon_core.shell:Creating prefix script '/home/root2/turtlebot3_ws/install/local_setup.ps1'
[1.310s] INFO:colcon.colcon_core.shell:Creating prefix util module '/home/root2/turtlebot3_ws/install/_local_setup_util_ps1.py'
[1.311s] INFO:colcon.colcon_core.shell:Creating prefix chain script '/home/root2/turtlebot3_ws/install/setup.ps1'
[1.312s] INFO:colcon.colcon_core.shell:Creating prefix script '/home/root2/turtlebot3_ws/install/local_setup.sh'
[1.312s] INFO:colcon.colcon_core.shell:Creating prefix util module '/home/root2/turtlebot3_ws/install/_local_setup_util_sh.py'
[1.313s] INFO:colcon.colcon_core.shell:Creating prefix chain script '/home/root2/turtlebot3_ws/install/setup.sh'
[1.314s] INFO:colcon.colcon_core.shell:Creating prefix script '/home/root2/turtlebot3_ws/install/local_setup.bash'
[1.314s] INFO:colcon.colcon_core.shell:Creating prefix chain script '/home/root2/turtlebot3_ws/install/setup.bash'
[1.314s] INFO:colcon.colcon_core.shell:Creating prefix script '/home/root2/turtlebot3_ws/install/local_setup.zsh'
[1.315s] INFO:colcon.colcon_core.shell:Creating prefix chain script '/home/root2/turtlebot3_ws/install/setup.zsh'
