running egg_info
writing ../../build/turtlebot3_cmd/turtlebot3_cmd.egg-info/PKG-INFO
writing dependency_links to ../../build/turtlebot3_cmd/turtlebot3_cmd.egg-info/dependency_links.txt
writing entry points to ../../build/turtlebot3_cmd/turtlebot3_cmd.egg-info/entry_points.txt
writing requirements to ../../build/turtlebot3_cmd/turtlebot3_cmd.egg-info/requires.txt
writing top-level names to ../../build/turtlebot3_cmd/turtlebot3_cmd.egg-info/top_level.txt
reading manifest file '../../build/turtlebot3_cmd/turtlebot3_cmd.egg-info/SOURCES.txt'
writing manifest file '../../build/turtlebot3_cmd/turtlebot3_cmd.egg-info/SOURCES.txt'
running build
running build_py
copying turtlebot3_cmd/script/turtlebot3_cmd.py -> /home/root2/turtlebot3_ws/build/turtlebot3_cmd/build/lib/turtlebot3_cmd/script
running install
running install_lib
copying /home/root2/turtlebot3_ws/build/turtlebot3_cmd/build/lib/turtlebot3_cmd/script/turtlebot3_cmd.py -> /home/root2/turtlebot3_ws/install/turtlebot3_cmd/lib/python3.10/site-packages/turtlebot3_cmd/script
byte-compiling /home/root2/turtlebot3_ws/install/turtlebot3_cmd/lib/python3.10/site-packages/turtlebot3_cmd/script/turtlebot3_cmd.py to turtlebot3_cmd.cpython-310.pyc
running install_data
running install_egg_info
removing '/home/root2/turtlebot3_ws/install/turtlebot3_cmd/lib/python3.10/site-packages/turtlebot3_cmd-0.0.0-py3.10.egg-info' (and everything under it)
Copying ../../build/turtlebot3_cmd/turtlebot3_cmd.egg-info to /home/root2/turtlebot3_ws/install/turtlebot3_cmd/lib/python3.10/site-packages/turtlebot3_cmd-0.0.0-py3.10.egg-info
running install_scripts
Installing turtlebot3_cmd script to /home/root2/turtlebot3_ws/install/turtlebot3_cmd/lib/turtlebot3_cmd
writing list of installed files to '/home/root2/turtlebot3_ws/build/turtlebot3_cmd/install.log'
