[0.107s] Invoking command in '/home/root2/turtlebot3_ws/build/turtlebot3': AMENT_PREFIX_PATH=/home/root2/turtlebot3_ws/install/turtlebot3_teleop:/home/root2/turtlebot3_ws/install/turtlebot3:/home/root2/turtlebot3_ws/install/turtlebot3_cmd:/opt/ros/humble CMAKE_PREFIX_PATH=${CMAKE_PREFIX_PATH}:/home/root2/turtlebot3_ws/install/turtlebot3_teleop:/home/root2/turtlebot3_ws/install/turtlebot3_cmd:/opt/ros/humble PYTHONPATH=/home/root2/turtlebot3_ws/install/turtlebot3_teleop/lib/python3.10/site-packages:/home/root2/turtlebot3_ws/build/turtlebot3_teleop:/home/root2/turtlebot3_ws/build/turtlebot3_cmd:/home/root2/turtlebot3_ws/install/turtlebot3_cmd/lib/python3.10/site-packages:/opt/ros/humble/lib/python3.10/site-packages:/opt/ros/humble/local/lib/python3.10/dist-packages /usr/bin/cmake --build /home/root2/turtlebot3_ws/build/turtlebot3 -- -j12 -l12
[0.130s] Invoked command in '/home/root2/turtlebot3_ws/build/turtlebot3' returned '0': AMENT_PREFIX_PATH=/home/root2/turtlebot3_ws/install/turtlebot3_teleop:/home/root2/turtlebot3_ws/install/turtlebot3:/home/root2/turtlebot3_ws/install/turtlebot3_cmd:/opt/ros/humble CMAKE_PREFIX_PATH=${CMAKE_PREFIX_PATH}:/home/root2/turtlebot3_ws/install/turtlebot3_teleop:/home/root2/turtlebot3_ws/install/turtlebot3_cmd:/opt/ros/humble PYTHONPATH=/home/root2/turtlebot3_ws/install/turtlebot3_teleop/lib/python3.10/site-packages:/home/root2/turtlebot3_ws/build/turtlebot3_teleop:/home/root2/turtlebot3_ws/build/turtlebot3_cmd:/home/root2/turtlebot3_ws/install/turtlebot3_cmd/lib/python3.10/site-packages:/opt/ros/humble/lib/python3.10/site-packages:/opt/ros/humble/local/lib/python3.10/dist-packages /usr/bin/cmake --build /home/root2/turtlebot3_ws/build/turtlebot3 -- -j12 -l12
[0.136s] Invoking command in '/home/root2/turtlebot3_ws/build/turtlebot3': AMENT_PREFIX_PATH=/home/root2/turtlebot3_ws/install/turtlebot3_teleop:/home/root2/turtlebot3_ws/install/turtlebot3:/home/root2/turtlebot3_ws/install/turtlebot3_cmd:/opt/ros/humble CMAKE_PREFIX_PATH=${CMAKE_PREFIX_PATH}:/home/root2/turtlebot3_ws/install/turtlebot3_teleop:/home/root2/turtlebot3_ws/install/turtlebot3_cmd:/opt/ros/humble PYTHONPATH=/home/root2/turtlebot3_ws/install/turtlebot3_teleop/lib/python3.10/site-packages:/home/root2/turtlebot3_ws/build/turtlebot3_teleop:/home/root2/turtlebot3_ws/build/turtlebot3_cmd:/home/root2/turtlebot3_ws/install/turtlebot3_cmd/lib/python3.10/site-packages:/opt/ros/humble/lib/python3.10/site-packages:/opt/ros/humble/local/lib/python3.10/dist-packages /usr/bin/cmake --install /home/root2/turtlebot3_ws/build/turtlebot3
[0.141s] -- Install configuration: ""
[0.141s] -- Execute custom install script
[0.141s] -- Up-to-date symlink: /home/root2/turtlebot3_ws/install/turtlebot3/share/ament_index/resource_index/package_run_dependencies/turtlebot3
[0.141s] -- Up-to-date symlink: /home/root2/turtlebot3_ws/install/turtlebot3/share/ament_index/resource_index/parent_prefix_path/turtlebot3
[0.141s] -- Up-to-date symlink: /home/root2/turtlebot3_ws/install/turtlebot3/share/turtlebot3/environment/ament_prefix_path.sh
[0.141s] -- Up-to-date symlink: /home/root2/turtlebot3_ws/install/turtlebot3/share/turtlebot3/environment/ament_prefix_path.dsv
[0.141s] -- Up-to-date symlink: /home/root2/turtlebot3_ws/install/turtlebot3/share/turtlebot3/environment/path.sh
[0.141s] -- Up-to-date symlink: /home/root2/turtlebot3_ws/install/turtlebot3/share/turtlebot3/environment/path.dsv
[0.142s] -- Up-to-date symlink: /home/root2/turtlebot3_ws/install/turtlebot3/share/turtlebot3/local_setup.bash
[0.142s] -- Up-to-date symlink: /home/root2/turtlebot3_ws/install/turtlebot3/share/turtlebot3/local_setup.sh
[0.142s] -- Up-to-date symlink: /home/root2/turtlebot3_ws/install/turtlebot3/share/turtlebot3/local_setup.zsh
[0.142s] -- Up-to-date symlink: /home/root2/turtlebot3_ws/install/turtlebot3/share/turtlebot3/local_setup.dsv
[0.142s] -- Symlinking: /home/root2/turtlebot3_ws/install/turtlebot3/share/turtlebot3/package.dsv
[0.147s] -- Up-to-date symlink: /home/root2/turtlebot3_ws/install/turtlebot3/share/ament_index/resource_index/packages/turtlebot3
[0.148s] -- Up-to-date symlink: /home/root2/turtlebot3_ws/install/turtlebot3/share/turtlebot3/cmake/turtlebot3Config.cmake
[0.148s] -- Up-to-date symlink: /home/root2/turtlebot3_ws/install/turtlebot3/share/turtlebot3/cmake/turtlebot3Config-version.cmake
[0.148s] -- Up-to-date symlink: /home/root2/turtlebot3_ws/install/turtlebot3/share/turtlebot3/package.xml
[0.149s] Invoked command in '/home/root2/turtlebot3_ws/build/turtlebot3' returned '0': AMENT_PREFIX_PATH=/home/root2/turtlebot3_ws/install/turtlebot3_teleop:/home/root2/turtlebot3_ws/install/turtlebot3:/home/root2/turtlebot3_ws/install/turtlebot3_cmd:/opt/ros/humble CMAKE_PREFIX_PATH=${CMAKE_PREFIX_PATH}:/home/root2/turtlebot3_ws/install/turtlebot3_teleop:/home/root2/turtlebot3_ws/install/turtlebot3_cmd:/opt/ros/humble PYTHONPATH=/home/root2/turtlebot3_ws/install/turtlebot3_teleop/lib/python3.10/site-packages:/home/root2/turtlebot3_ws/build/turtlebot3_teleop:/home/root2/turtlebot3_ws/build/turtlebot3_cmd:/home/root2/turtlebot3_ws/install/turtlebot3_cmd/lib/python3.10/site-packages:/opt/ros/humble/lib/python3.10/site-packages:/opt/ros/humble/local/lib/python3.10/dist-packages /usr/bin/cmake --install /home/root2/turtlebot3_ws/build/turtlebot3
