[0.580s] Invoking command in '/home/root2/turtlebot3_ws/build/turtlebot3_cmd': PYTHONPATH=/home/root2/turtlebot3_ws/build/turtlebot3_cmd/prefix_override:/usr/lib/python3/dist-packages/colcon_core/task/python/colcon_distutils_commands:/home/root2/turtlebot3_ws/install/turtlebot3_cmd/lib/python3.10/site-packages:${PYTHONPATH} /usr/bin/python3 -W ignore:setup.py install is deprecated -W ignore:easy_install command is deprecated setup.py develop --uninstall --editable --build-directory /home/root2/turtlebot3_ws/build/turtlebot3_cmd/build
[0.733s] running develop
[0.821s] Removing /home/root2/turtlebot3_ws/install/turtlebot3_cmd/lib/python3.10/site-packages/turtlebot3-cmd.egg-link (link to .)
[0.844s] Invoked command in '/home/root2/turtlebot3_ws/build/turtlebot3_cmd' returned '0': PYTHONPATH=/home/root2/turtlebot3_ws/build/turtlebot3_cmd/prefix_override:/usr/lib/python3/dist-packages/colcon_core/task/python/colcon_distutils_commands:/home/root2/turtlebot3_ws/install/turtlebot3_cmd/lib/python3.10/site-packages:${PYTHONPATH} /usr/bin/python3 -W ignore:setup.py install is deprecated -W ignore:easy_install command is deprecated setup.py develop --uninstall --editable --build-directory /home/root2/turtlebot3_ws/build/turtlebot3_cmd/build
[0.846s] Invoking command in '/home/root2/turtlebot3_ws/src/turtlebot3_cmd': PYTHONPATH=/home/root2/turtlebot3_ws/build/turtlebot3_cmd/prefix_override:/usr/lib/python3/dist-packages/colcon_core/task/python/colcon_distutils_commands:/home/root2/turtlebot3_ws/install/turtlebot3_cmd/lib/python3.10/site-packages:${PYTHONPATH} /usr/bin/python3 -W ignore:setup.py install is deprecated -W ignore:easy_install command is deprecated setup.py egg_info --egg-base ../../build/turtlebot3_cmd build --build-base /home/root2/turtlebot3_ws/build/turtlebot3_cmd/build install --record /home/root2/turtlebot3_ws/build/turtlebot3_cmd/install.log --single-version-externally-managed install_data --force
[0.993s] running egg_info
[0.994s] writing ../../build/turtlebot3_cmd/turtlebot3_cmd.egg-info/PKG-INFO
[0.994s] writing dependency_links to ../../build/turtlebot3_cmd/turtlebot3_cmd.egg-info/dependency_links.txt
[0.994s] writing entry points to ../../build/turtlebot3_cmd/turtlebot3_cmd.egg-info/entry_points.txt
[0.994s] writing requirements to ../../build/turtlebot3_cmd/turtlebot3_cmd.egg-info/requires.txt
[0.995s] writing top-level names to ../../build/turtlebot3_cmd/turtlebot3_cmd.egg-info/top_level.txt
[0.996s] reading manifest file '../../build/turtlebot3_cmd/turtlebot3_cmd.egg-info/SOURCES.txt'
[0.997s] writing manifest file '../../build/turtlebot3_cmd/turtlebot3_cmd.egg-info/SOURCES.txt'
[0.998s] running build
[0.998s] running build_py
[0.998s] copying turtlebot3_cmd/script/yolo_detection.py -> /home/root2/turtlebot3_ws/build/turtlebot3_cmd/build/lib/turtlebot3_cmd/script
[0.998s] copying turtlebot3_cmd/script/movement.py -> /home/root2/turtlebot3_ws/build/turtlebot3_cmd/build/lib/turtlebot3_cmd/script
[0.999s] copying turtlebot3_cmd/script/turtlebot3_cmd.py -> /home/root2/turtlebot3_ws/build/turtlebot3_cmd/build/lib/turtlebot3_cmd/script
[0.999s] running install
[0.999s] running install_lib
[1.000s] copying /home/root2/turtlebot3_ws/build/turtlebot3_cmd/build/lib/turtlebot3_cmd/script/yolo_detection.py -> /home/root2/turtlebot3_ws/install/turtlebot3_cmd/lib/python3.10/site-packages/turtlebot3_cmd/script
[1.000s] copying /home/root2/turtlebot3_ws/build/turtlebot3_cmd/build/lib/turtlebot3_cmd/script/movement.py -> /home/root2/turtlebot3_ws/install/turtlebot3_cmd/lib/python3.10/site-packages/turtlebot3_cmd/script
[1.000s] copying /home/root2/turtlebot3_ws/build/turtlebot3_cmd/build/lib/turtlebot3_cmd/script/turtlebot3_cmd.py -> /home/root2/turtlebot3_ws/install/turtlebot3_cmd/lib/python3.10/site-packages/turtlebot3_cmd/script
[1.000s] copying /home/root2/turtlebot3_ws/build/turtlebot3_cmd/build/lib/turtlebot3_cmd/script/__init__.py -> /home/root2/turtlebot3_ws/install/turtlebot3_cmd/lib/python3.10/site-packages/turtlebot3_cmd/script
[1.000s] copying /home/root2/turtlebot3_ws/build/turtlebot3_cmd/build/lib/turtlebot3_cmd/__init__.py -> /home/root2/turtlebot3_ws/install/turtlebot3_cmd/lib/python3.10/site-packages/turtlebot3_cmd
[1.001s] byte-compiling /home/root2/turtlebot3_ws/install/turtlebot3_cmd/lib/python3.10/site-packages/turtlebot3_cmd/script/yolo_detection.py to yolo_detection.cpython-310.pyc
[1.002s] byte-compiling /home/root2/turtlebot3_ws/install/turtlebot3_cmd/lib/python3.10/site-packages/turtlebot3_cmd/script/movement.py to movement.cpython-310.pyc
[1.007s] byte-compiling /home/root2/turtlebot3_ws/install/turtlebot3_cmd/lib/python3.10/site-packages/turtlebot3_cmd/script/turtlebot3_cmd.py to turtlebot3_cmd.cpython-310.pyc
[1.007s] byte-compiling /home/root2/turtlebot3_ws/install/turtlebot3_cmd/lib/python3.10/site-packages/turtlebot3_cmd/script/__init__.py to __init__.cpython-310.pyc
[1.007s] byte-compiling /home/root2/turtlebot3_ws/install/turtlebot3_cmd/lib/python3.10/site-packages/turtlebot3_cmd/__init__.py to __init__.cpython-310.pyc
[1.007s] running install_data
[1.007s] copying resource/turtlebot3_cmd -> /home/root2/turtlebot3_ws/install/turtlebot3_cmd/share/ament_index/resource_index/packages
[1.007s] copying package.xml -> /home/root2/turtlebot3_ws/install/turtlebot3_cmd/share/turtlebot3_cmd
[1.007s] running install_egg_info
[1.009s] Copying ../../build/turtlebot3_cmd/turtlebot3_cmd.egg-info to /home/root2/turtlebot3_ws/install/turtlebot3_cmd/lib/python3.10/site-packages/turtlebot3_cmd-0.0.0-py3.10.egg-info
[1.011s] running install_scripts
[1.027s] Installing turtlebot3_cmd script to /home/root2/turtlebot3_ws/install/turtlebot3_cmd/lib/turtlebot3_cmd
[1.027s] writing list of installed files to '/home/root2/turtlebot3_ws/build/turtlebot3_cmd/install.log'
[1.053s] Invoked command in '/home/root2/turtlebot3_ws/src/turtlebot3_cmd' returned '0': PYTHONPATH=/home/root2/turtlebot3_ws/build/turtlebot3_cmd/prefix_override:/usr/lib/python3/dist-packages/colcon_core/task/python/colcon_distutils_commands:/home/root2/turtlebot3_ws/install/turtlebot3_cmd/lib/python3.10/site-packages:${PYTHONPATH} /usr/bin/python3 -W ignore:setup.py install is deprecated -W ignore:easy_install command is deprecated setup.py egg_info --egg-base ../../build/turtlebot3_cmd build --build-base /home/root2/turtlebot3_ws/build/turtlebot3_cmd/build install --record /home/root2/turtlebot3_ws/build/turtlebot3_cmd/install.log --single-version-externally-managed install_data --force
