[0.589s] Invoking command in '/home/root2/turtlebot3_ws/src/turtlebot3_cmd': PYTHONPATH=/home/root2/turtlebot3_ws/build/turtlebot3_cmd/prefix_override:/usr/lib/python3/dist-packages/colcon_core/task/python/colcon_distutils_commands:/home/root2/turtlebot3_ws/install/turtlebot3_cmd/lib/python3.10/site-packages:${PYTHONPATH} /usr/bin/python3 -W ignore:setup.py install is deprecated -W ignore:easy_install command is deprecated setup.py egg_info --egg-base ../../build/turtlebot3_cmd build --build-base /home/root2/turtlebot3_ws/build/turtlebot3_cmd/build install --record /home/root2/turtlebot3_ws/build/turtlebot3_cmd/install.log --single-version-externally-managed install_data
[0.740s] running egg_info
[0.740s] writing ../../build/turtlebot3_cmd/turtlebot3_cmd.egg-info/PKG-INFO
[0.741s] writing dependency_links to ../../build/turtlebot3_cmd/turtlebot3_cmd.egg-info/dependency_links.txt
[0.741s] writing entry points to ../../build/turtlebot3_cmd/turtlebot3_cmd.egg-info/entry_points.txt
[0.741s] writing requirements to ../../build/turtlebot3_cmd/turtlebot3_cmd.egg-info/requires.txt
[0.741s] writing top-level names to ../../build/turtlebot3_cmd/turtlebot3_cmd.egg-info/top_level.txt
[0.743s] reading manifest file '../../build/turtlebot3_cmd/turtlebot3_cmd.egg-info/SOURCES.txt'
[0.744s] writing manifest file '../../build/turtlebot3_cmd/turtlebot3_cmd.egg-info/SOURCES.txt'
[0.744s] running build
[0.745s] running build_py
[0.746s] running install
[0.746s] running install_lib
[0.749s] running install_data
[0.749s] running install_egg_info
[0.752s] removing '/home/root2/turtlebot3_ws/install/turtlebot3_cmd/lib/python3.10/site-packages/turtlebot3_cmd-0.0.0-py3.10.egg-info' (and everything under it)
[0.752s] Copying ../../build/turtlebot3_cmd/turtlebot3_cmd.egg-info to /home/root2/turtlebot3_ws/install/turtlebot3_cmd/lib/python3.10/site-packages/turtlebot3_cmd-0.0.0-py3.10.egg-info
[0.753s] running install_scripts
[0.769s] Installing turtlebot3_cmd script to /home/root2/turtlebot3_ws/install/turtlebot3_cmd/lib/turtlebot3_cmd
[0.769s] writing list of installed files to '/home/root2/turtlebot3_ws/build/turtlebot3_cmd/install.log'
[0.795s] Invoked command in '/home/root2/turtlebot3_ws/src/turtlebot3_cmd' returned '0': PYTHONPATH=/home/root2/turtlebot3_ws/build/turtlebot3_cmd/prefix_override:/usr/lib/python3/dist-packages/colcon_core/task/python/colcon_distutils_commands:/home/root2/turtlebot3_ws/install/turtlebot3_cmd/lib/python3.10/site-packages:${PYTHONPATH} /usr/bin/python3 -W ignore:setup.py install is deprecated -W ignore:easy_install command is deprecated setup.py egg_info --egg-base ../../build/turtlebot3_cmd build --build-base /home/root2/turtlebot3_ws/build/turtlebot3_cmd/build install --record /home/root2/turtlebot3_ws/build/turtlebot3_cmd/install.log --single-version-externally-managed install_data
