[0.112s] Invoking command in '/home/root2/turtlebot3_ws/build/turtlebot3': AMENT_PREFIX_PATH=/home/root2/turtlebot3_ws/install/turtlebot3_teleop:/home/root2/turtlebot3_ws/install/turtlebot3:/home/root2/turtlebot3_ws/install/turtlebot3_cmd:/opt/ros/humble CMAKE_PREFIX_PATH=${CMAKE_PREFIX_PATH}:/home/root2/turtlebot3_ws/install/turtlebot3_teleop:/home/root2/turtlebot3_ws/install/turtlebot3_cmd:/opt/ros/humble PYTHONPATH=/home/root2/turtlebot3_ws/install/turtlebot3_teleop/lib/python3.10/site-packages:/home/root2/turtlebot3_ws/build/turtlebot3_teleop:/home/root2/turtlebot3_ws/build/turtlebot3_cmd:/home/root2/turtlebot3_ws/install/turtlebot3_cmd/lib/python3.10/site-packages:/opt/ros/humble/lib/python3.10/site-packages:/opt/ros/humble/local/lib/python3.10/dist-packages /usr/bin/cmake /home/root2/turtlebot3_ws/src/turtlebot3/turtlebot3 -DCMAKE_INSTALL_PREFIX=/home/root2/turtlebot3_ws/install/turtlebot3
[0.151s] -- Found ament_cmake: 1.3.11 (/opt/ros/humble/share/ament_cmake/cmake)
[0.256s] -- Override CMake install command with custom implementation using symlinks instead of copying resources
[0.329s] -- Configuring done
[0.334s] -- Generating done
[0.334s] -- Build files have been written to: /home/root2/turtlebot3_ws/build/turtlebot3
[0.337s] Invoked command in '/home/root2/turtlebot3_ws/build/turtlebot3' returned '0': AMENT_PREFIX_PATH=/home/root2/turtlebot3_ws/install/turtlebot3_teleop:/home/root2/turtlebot3_ws/install/turtlebot3:/home/root2/turtlebot3_ws/install/turtlebot3_cmd:/opt/ros/humble CMAKE_PREFIX_PATH=${CMAKE_PREFIX_PATH}:/home/root2/turtlebot3_ws/install/turtlebot3_teleop:/home/root2/turtlebot3_ws/install/turtlebot3_cmd:/opt/ros/humble PYTHONPATH=/home/root2/turtlebot3_ws/install/turtlebot3_teleop/lib/python3.10/site-packages:/home/root2/turtlebot3_ws/build/turtlebot3_teleop:/home/root2/turtlebot3_ws/build/turtlebot3_cmd:/home/root2/turtlebot3_ws/install/turtlebot3_cmd/lib/python3.10/site-packages:/opt/ros/humble/lib/python3.10/site-packages:/opt/ros/humble/local/lib/python3.10/dist-packages /usr/bin/cmake /home/root2/turtlebot3_ws/src/turtlebot3/turtlebot3 -DCMAKE_INSTALL_PREFIX=/home/root2/turtlebot3_ws/install/turtlebot3
[0.338s] Invoking command in '/home/root2/turtlebot3_ws/build/turtlebot3': AMENT_PREFIX_PATH=/home/root2/turtlebot3_ws/install/turtlebot3_teleop:/home/root2/turtlebot3_ws/install/turtlebot3:/home/root2/turtlebot3_ws/install/turtlebot3_cmd:/opt/ros/humble CMAKE_PREFIX_PATH=${CMAKE_PREFIX_PATH}:/home/root2/turtlebot3_ws/install/turtlebot3_teleop:/home/root2/turtlebot3_ws/install/turtlebot3_cmd:/opt/ros/humble PYTHONPATH=/home/root2/turtlebot3_ws/install/turtlebot3_teleop/lib/python3.10/site-packages:/home/root2/turtlebot3_ws/build/turtlebot3_teleop:/home/root2/turtlebot3_ws/build/turtlebot3_cmd:/home/root2/turtlebot3_ws/install/turtlebot3_cmd/lib/python3.10/site-packages:/opt/ros/humble/lib/python3.10/site-packages:/opt/ros/humble/local/lib/python3.10/dist-packages /usr/bin/cmake --build /home/root2/turtlebot3_ws/build/turtlebot3 -- -j12 -l12
[0.361s] Invoked command in '/home/root2/turtlebot3_ws/build/turtlebot3' returned '0': AMENT_PREFIX_PATH=/home/root2/turtlebot3_ws/install/turtlebot3_teleop:/home/root2/turtlebot3_ws/install/turtlebot3:/home/root2/turtlebot3_ws/install/turtlebot3_cmd:/opt/ros/humble CMAKE_PREFIX_PATH=${CMAKE_PREFIX_PATH}:/home/root2/turtlebot3_ws/install/turtlebot3_teleop:/home/root2/turtlebot3_ws/install/turtlebot3_cmd:/opt/ros/humble PYTHONPATH=/home/root2/turtlebot3_ws/install/turtlebot3_teleop/lib/python3.10/site-packages:/home/root2/turtlebot3_ws/build/turtlebot3_teleop:/home/root2/turtlebot3_ws/build/turtlebot3_cmd:/home/root2/turtlebot3_ws/install/turtlebot3_cmd/lib/python3.10/site-packages:/opt/ros/humble/lib/python3.10/site-packages:/opt/ros/humble/local/lib/python3.10/dist-packages /usr/bin/cmake --build /home/root2/turtlebot3_ws/build/turtlebot3 -- -j12 -l12
[0.367s] Invoking command in '/home/root2/turtlebot3_ws/build/turtlebot3': AMENT_PREFIX_PATH=/home/root2/turtlebot3_ws/install/turtlebot3_teleop:/home/root2/turtlebot3_ws/install/turtlebot3:/home/root2/turtlebot3_ws/install/turtlebot3_cmd:/opt/ros/humble CMAKE_PREFIX_PATH=${CMAKE_PREFIX_PATH}:/home/root2/turtlebot3_ws/install/turtlebot3_teleop:/home/root2/turtlebot3_ws/install/turtlebot3_cmd:/opt/ros/humble PYTHONPATH=/home/root2/turtlebot3_ws/install/turtlebot3_teleop/lib/python3.10/site-packages:/home/root2/turtlebot3_ws/build/turtlebot3_teleop:/home/root2/turtlebot3_ws/build/turtlebot3_cmd:/home/root2/turtlebot3_ws/install/turtlebot3_cmd/lib/python3.10/site-packages:/opt/ros/humble/lib/python3.10/site-packages:/opt/ros/humble/local/lib/python3.10/dist-packages /usr/bin/cmake --install /home/root2/turtlebot3_ws/build/turtlebot3
[0.370s] -- Install configuration: ""
[0.370s] -- Execute custom install script
[0.370s] -- Up-to-date symlink: /home/root2/turtlebot3_ws/install/turtlebot3/share/ament_index/resource_index/package_run_dependencies/turtlebot3
[0.371s] -- Up-to-date symlink: /home/root2/turtlebot3_ws/install/turtlebot3/share/ament_index/resource_index/parent_prefix_path/turtlebot3
[0.372s] -- Up-to-date symlink: /home/root2/turtlebot3_ws/install/turtlebot3/share/turtlebot3/environment/ament_prefix_path.sh
[0.372s] -- Up-to-date symlink: /home/root2/turtlebot3_ws/install/turtlebot3/share/turtlebot3/environment/ament_prefix_path.dsv
[0.373s] -- Up-to-date symlink: /home/root2/turtlebot3_ws/install/turtlebot3/share/turtlebot3/environment/path.sh
[0.374s] -- Up-to-date symlink: /home/root2/turtlebot3_ws/install/turtlebot3/share/turtlebot3/environment/path.dsv
[0.374s] -- Up-to-date symlink: /home/root2/turtlebot3_ws/install/turtlebot3/share/turtlebot3/local_setup.bash
[0.374s] -- Up-to-date symlink: /home/root2/turtlebot3_ws/install/turtlebot3/share/turtlebot3/local_setup.sh
[0.375s] -- Up-to-date symlink: /home/root2/turtlebot3_ws/install/turtlebot3/share/turtlebot3/local_setup.zsh
[0.375s] -- Up-to-date symlink: /home/root2/turtlebot3_ws/install/turtlebot3/share/turtlebot3/local_setup.dsv
[0.375s] -- Symlinking: /home/root2/turtlebot3_ws/install/turtlebot3/share/turtlebot3/package.dsv
[0.381s] -- Up-to-date symlink: /home/root2/turtlebot3_ws/install/turtlebot3/share/ament_index/resource_index/packages/turtlebot3
[0.381s] -- Up-to-date symlink: /home/root2/turtlebot3_ws/install/turtlebot3/share/turtlebot3/cmake/turtlebot3Config.cmake
[0.381s] -- Up-to-date symlink: /home/root2/turtlebot3_ws/install/turtlebot3/share/turtlebot3/cmake/turtlebot3Config-version.cmake
[0.382s] -- Up-to-date symlink: /home/root2/turtlebot3_ws/install/turtlebot3/share/turtlebot3/package.xml
[0.384s] Invoked command in '/home/root2/turtlebot3_ws/build/turtlebot3' returned '0': AMENT_PREFIX_PATH=/home/root2/turtlebot3_ws/install/turtlebot3_teleop:/home/root2/turtlebot3_ws/install/turtlebot3:/home/root2/turtlebot3_ws/install/turtlebot3_cmd:/opt/ros/humble CMAKE_PREFIX_PATH=${CMAKE_PREFIX_PATH}:/home/root2/turtlebot3_ws/install/turtlebot3_teleop:/home/root2/turtlebot3_ws/install/turtlebot3_cmd:/opt/ros/humble PYTHONPATH=/home/root2/turtlebot3_ws/install/turtlebot3_teleop/lib/python3.10/site-packages:/home/root2/turtlebot3_ws/build/turtlebot3_teleop:/home/root2/turtlebot3_ws/build/turtlebot3_cmd:/home/root2/turtlebot3_ws/install/turtlebot3_cmd/lib/python3.10/site-packages:/opt/ros/humble/lib/python3.10/site-packages:/opt/ros/humble/local/lib/python3.10/dist-packages /usr/bin/cmake --install /home/root2/turtlebot3_ws/build/turtlebot3
